[[1;34mINFO[m] Scanning for projects...
[[1;34mINFO[m] 
[[1;34mINFO[m] [1m----------< [0;36mio.github.hiwepy:disruptor-spring-boot-starter[0;1m >-----------[m
[[1;34mINFO[m] [1mBuilding io.github.hiwepy:disruptor-spring-boot-starter 2.3.x.20240823.RELEASE[m
[[1;34mINFO[m] [1m--------------------------------[ jar ]---------------------------------[m
Downloading from aiban-tianyin-core: https://aiban-maven.pkg.coding.net/repository/tianyin/core/org/springframework/boot/spring-boot-starter-log4j2/2.3.0.RELEASE/spring-boot-starter-log4j2-2.3.0.RELEASE.pom
Progress (1): 2.6 kB
Progress (1): 2.9 kB
                    
Downloaded from aiban-tianyin-core: https://aiban-maven.pkg.coding.net/repository/tianyin/core/org/springframework/boot/spring-boot-starter-log4j2/2.3.0.RELEASE/spring-boot-starter-log4j2-2.3.0.RELEASE.pom (2.9 kB at 2.6 kB/s)
Downloading from aiban-tianyin-core: https://aiban-maven.pkg.coding.net/repository/tianyin/core/org/apache/logging/log4j/log4j-slf4j-impl/2.13.2/log4j-slf4j-impl-2.13.2.pom
Progress (1): 2.6 kB
Progress (1): 6.7 kB
Progress (1): 11 kB 
Progress (1): 12 kB
                   
Downloaded from aiban-tianyin-core: https://aiban-maven.pkg.coding.net/repository/tianyin/core/org/apache/logging/log4j/log4j-slf4j-impl/2.13.2/log4j-slf4j-impl-2.13.2.pom (12 kB at 23 kB/s)
Downloading from aiban-tianyin-core: https://aiban-maven.pkg.coding.net/repository/tianyin/core/org/apache/logging/log4j/log4j-core/2.13.2/log4j-core-2.13.2.pom
Progress (1): 3.8 kB
Progress (1): 7.9 kB
Progress (1): 11 kB 
Progress (1): 14 kB
Progress (1): 18 kB
Progress (1): 22 kB
Progress (1): 23 kB
                   
Downloaded from aiban-tianyin-core: https://aiban-maven.pkg.coding.net/repository/tianyin/core/org/apache/logging/log4j/log4j-core/2.13.2/log4j-core-2.13.2.pom (23 kB at 59 kB/s)
Downloading from aiban-tianyin-core: https://aiban-maven.pkg.coding.net/repository/tianyin/core/org/apache/logging/log4j/log4j-jul/2.13.2/log4j-jul-2.13.2.pom
Progress (1): 2.6 kB
Progress (1): 6.7 kB
Progress (1): 7.7 kB
                    
Downloaded from aiban-tianyin-core: https://aiban-maven.pkg.coding.net/repository/tianyin/core/org/apache/logging/log4j/log4j-jul/2.13.2/log4j-jul-2.13.2.pom (7.7 kB at 19 kB/s)
Downloading from aiban-tianyin-core: https://aiban-maven.pkg.coding.net/repository/tianyin/core/com/lmax/disruptor/3.4.3/disruptor-3.4.3.pom
Progress (1): 1.3 kB
                    
Downloaded from aiban-tianyin-core: https://aiban-maven.pkg.coding.net/repository/tianyin/core/com/lmax/disruptor/3.4.3/disruptor-3.4.3.pom (1.3 kB at 4.0 kB/s)
Downloading from aiban-tianyin-core: https://aiban-maven.pkg.coding.net/repository/tianyin/core/org/apache/commons/commons-collections4/4.1/commons-collections4-4.1.pom
Progress (1): 4.0 kB
Progress (1): 8.1 kB
Progress (1): 12 kB 
Progress (1): 15 kB
Progress (1): 18 kB
Progress (1): 21 kB
Progress (1): 21 kB
                   
Downloaded from aiban-tianyin-core: https://aiban-maven.pkg.coding.net/repository/tianyin/core/org/apache/commons/commons-collections4/4.1/commons-collections4-4.1.pom (21 kB at 75 kB/s)
Downloading from aiban-tianyin-core: https://aiban-maven.pkg.coding.net/repository/tianyin/core/org/apache/commons/commons-parent/38/commons-parent-38.pom
Downloaded from aiban-tianyin-core: https://aiban-maven.pkg.coding.net/repository/tianyin/core/org/apache/commons/commons-parent/38/commons-parent-38.pom (0 B at 0 B/s)
Downloading from aiban-tianyin-core: https://aiban-maven.pkg.coding.net/repository/tianyin/core/org/springframework/boot/spring-boot-starter-log4j2/2.3.0.RELEASE/spring-boot-starter-log4j2-2.3.0.RELEASE.jar
Downloading from aiban-tianyin-core: https://aiban-maven.pkg.coding.net/repository/tianyin/core/com/lmax/disruptor/3.4.3/disruptor-3.4.3.jar
Downloading from aiban-tianyin-core: https://aiban-maven.pkg.coding.net/repository/tianyin/core/org/apache/logging/log4j/log4j-jul/2.13.2/log4j-jul-2.13.2.jar
Downloading from aiban-tianyin-core: https://aiban-maven.pkg.coding.net/repository/tianyin/core/org/apache/logging/log4j/log4j-core/2.13.2/log4j-core-2.13.2.jar
Downloading from aiban-tianyin-core: https://aiban-maven.pkg.coding.net/repository/tianyin/core/org/apache/logging/log4j/log4j-slf4j-impl/2.13.2/log4j-slf4j-impl-2.13.2.jar
Progress (1): 3.9 kB
Progress (1): 8.0 kB
Progress (1): 11 kB 
Progress (2): 11 kB | 4.0 kB
Progress (2): 11 kB | 8.1 kB
Progress (2): 11 kB | 11 kB 
Progress (2): 11 kB | 15 kB
Progress (2): 11 kB | 18 kB
Progress (2): 14 kB | 18 kB
Progress (2): 14 kB | 22 kB
Progress (2): 16 kB | 22 kB
Progress (2): 16 kB | 25 kB
Progress (2): 20 kB | 25 kB
Progress (2): 20 kB | 26 kB
Progress (2): 24 kB | 26 kB
Progress (3): 24 kB | 26 kB | 3.9 kB
Progress (3): 24 kB | 26 kB | 8.0 kB
Progress (3): 24 kB | 26 kB | 11 kB 
Progress (3): 24 kB | 26 kB | 15 kB
Progress (3): 24 kB | 26 kB | 19 kB
Progress (3): 24 kB | 26 kB | 22 kB
Progress (3): 24 kB | 26 kB | 26 kB
Progress (3): 24 kB | 26 kB | 29 kB
Progress (3): 24 kB | 26 kB | 32 kB
Progress (3): 24 kB | 26 kB | 35 kB
Progress (3): 24 kB | 26 kB | 38 kB
Progress (3): 24 kB | 26 kB | 41 kB
Progress (3): 24 kB | 26 kB | 45 kB
Progress (3): 24 kB | 26 kB | 49 kB
Progress (3): 24 kB | 26 kB | 53 kB
Progress (3): 24 kB | 26 kB | 57 kB
Progress (3): 24 kB | 26 kB | 61 kB
Progress (3): 24 kB | 26 kB | 65 kB
Progress (3): 24 kB | 26 kB | 69 kB
Progress (3): 24 kB | 26 kB | 73 kB
Progress (3): 24 kB | 26 kB | 77 kB
Progress (3): 24 kB | 26 kB | 82 kB
Progress (3): 24 kB | 26 kB | 83 kB
Progress (4): 24 kB | 26 kB | 83 kB | 4.1 kB
Progress (4): 24 kB | 26 kB | 83 kB | 4.8 kB
                                            
Downloaded from aiban-tianyin-core: https://aiban-maven.pkg.coding.net/repository/tianyin/core/org/apache/logging/log4j/log4j-slf4j-impl/2.13.2/log4j-slf4j-impl-2.13.2.jar (24 kB at 33 kB/s)
Downloading from aiban-tianyin-core: https://aiban-maven.pkg.coding.net/repository/tianyin/core/org/apache/commons/commons-collections4/4.1/commons-collections4-4.1.jar
Downloaded from aiban-tianyin-core: https://aiban-maven.pkg.coding.net/repository/tianyin/core/org/apache/logging/log4j/log4j-jul/2.13.2/log4j-jul-2.13.2.jar (26 kB at 36 kB/s)
Downloaded from aiban-tianyin-core: https://aiban-maven.pkg.coding.net/repository/tianyin/core/com/lmax/disruptor/3.4.3/disruptor-3.4.3.jar (83 kB at 113 kB/s)
Downloaded from aiban-tianyin-core: https://aiban-maven.pkg.coding.net/repository/tianyin/core/org/springframework/boot/spring-boot-starter-log4j2/2.3.0.RELEASE/spring-boot-starter-log4j2-2.3.0.RELEASE.jar (4.8 kB at 5.3 kB/s)
Progress (1): 2.6 kB
Progress (1): 6.7 kB
Progress (1): 11 kB 
Progress (1): 14 kB
Progress (1): 18 kB
Progress (1): 21 kB
Progress (1): 24 kB
Progress (1): 28 kB
Progress (1): 32 kB
Progress (1): 35 kB
Progress (1): 38 kB
Progress (1): 41 kB
Progress (1): 45 kB
Progress (1): 47 kB
Progress (1): 51 kB
Progress (1): 56 kB
Progress (1): 59 kB
Progress (1): 61 kB
Progress (1): 65 kB
Progress (1): 69 kB
Progress (1): 73 kB
Progress (1): 77 kB
Progress (1): 81 kB
Progress (1): 85 kB
Progress (1): 90 kB
Progress (1): 94 kB
Progress (1): 98 kB
Progress (1): 102 kB
Progress (1): 106 kB
Progress (1): 110 kB
Progress (1): 114 kB
Progress (1): 118 kB
Progress (1): 122 kB
Progress (1): 126 kB
Progress (1): 130 kB
Progress (1): 135 kB
Progress (1): 139 kB
Progress (1): 143 kB
Progress (1): 147 kB
Progress (1): 151 kB
Progress (2): 151 kB | 4.1 kB
Progress (2): 155 kB | 4.1 kB
Progress (2): 155 kB | 8.2 kB
Progress (2): 159 kB | 8.2 kB
Progress (2): 159 kB | 11 kB 
Progress (2): 163 kB | 11 kB
Progress (2): 167 kB | 11 kB
Progress (2): 171 kB | 11 kB
Progress (2): 176 kB | 11 kB
Progress (2): 180 kB | 11 kB
Progress (2): 184 kB | 11 kB
Progress (2): 188 kB | 11 kB
Progress (2): 192 kB | 11 kB
Progress (2): 196 kB | 11 kB
Progress (2): 200 kB | 11 kB
Progress (2): 204 kB | 11 kB
Progress (2): 208 kB | 11 kB
Progress (2): 212 kB | 11 kB
Progress (2): 216 kB | 11 kB
Progress (2): 221 kB | 11 kB
Progress (2): 225 kB | 11 kB
Progress (2): 229 kB | 11 kB
Progress (2): 233 kB | 11 kB
Progress (2): 237 kB | 11 kB
Progress (2): 241 kB | 11 kB
Progress (2): 245 kB | 11 kB
Progress (2): 249 kB | 11 kB
Progress (2): 253 kB | 11 kB
Progress (2): 257 kB | 11 kB
Progress (2): 262 kB | 11 kB
Progress (2): 266 kB | 11 kB
Progress (2): 270 kB | 11 kB
Progress (2): 274 kB | 11 kB
Progress (2): 278 kB | 11 kB
Progress (2): 282 kB | 11 kB
Progress (2): 286 kB | 11 kB
Progress (2): 290 kB | 11 kB
Progress (2): 294 kB | 11 kB
Progress (2): 298 kB | 11 kB
Progress (2): 302 kB | 11 kB
Progress (2): 307 kB | 11 kB
Progress (2): 311 kB | 11 kB
Progress (2): 315 kB | 11 kB
Progress (2): 319 kB | 11 kB
Progress (2): 323 kB | 11 kB
Progress (2): 327 kB | 11 kB
Progress (2): 331 kB | 11 kB
Progress (2): 335 kB | 11 kB
Progress (2): 339 kB | 11 kB
Progress (2): 343 kB | 11 kB
Progress (2): 347 kB | 11 kB
Progress (2): 352 kB | 11 kB
Progress (2): 356 kB | 11 kB
Progress (2): 360 kB | 11 kB
Progress (2): 364 kB | 11 kB
Progress (2): 368 kB | 11 kB
Progress (2): 372 kB | 11 kB
Progress (2): 376 kB | 11 kB
Progress (2): 380 kB | 11 kB
Progress (2): 384 kB | 11 kB
Progress (2): 388 kB | 11 kB
Progress (2): 393 kB | 11 kB
Progress (2): 393 kB | 14 kB
Progress (2): 397 kB | 14 kB
Progress (2): 397 kB | 17 kB
Progress (2): 397 kB | 19 kB
Progress (2): 397 kB | 22 kB
Progress (2): 401 kB | 22 kB
Progress (2): 405 kB | 22 kB
Progress (2): 409 kB | 22 kB
Progress (2): 413 kB | 22 kB
Progress (2): 417 kB | 22 kB
Progress (2): 421 kB | 22 kB
Progress (2): 425 kB | 22 kB
Progress (2): 429 kB | 22 kB
Progress (2): 433 kB | 22 kB
Progress (2): 438 kB | 22 kB
Progress (2): 442 kB | 22 kB
Progress (2): 446 kB | 22 kB
Progress (2): 450 kB | 22 kB
Progress (2): 454 kB | 22 kB
Progress (2): 458 kB | 22 kB
Progress (2): 462 kB | 22 kB
Progress (2): 466 kB | 22 kB
Progress (2): 470 kB | 22 kB
Progress (2): 474 kB | 22 kB
Progress (2): 478 kB | 22 kB
Progress (2): 483 kB | 22 kB
Progress (2): 487 kB | 22 kB
Progress (2): 491 kB | 22 kB
Progress (2): 491 kB | 25 kB
Progress (2): 491 kB | 28 kB
Progress (2): 491 kB | 32 kB
Progress (2): 491 kB | 35 kB
Progress (2): 491 kB | 38 kB
Progress (2): 495 kB | 38 kB
Progress (2): 499 kB | 38 kB
Progress (2): 503 kB | 38 kB
Progress (2): 507 kB | 38 kB
Progress (2): 511 kB | 38 kB
Progress (2): 515 kB | 38 kB
Progress (2): 519 kB | 38 kB
Progress (2): 524 kB | 38 kB
Progress (2): 528 kB | 38 kB
Progress (2): 532 kB | 38 kB
Progress (2): 536 kB | 38 kB
Progress (2): 540 kB | 38 kB
Progress (2): 544 kB | 38 kB
Progress (2): 548 kB | 38 kB
Progress (2): 552 kB | 38 kB
Progress (2): 556 kB | 38 kB
Progress (2): 560 kB | 38 kB
Progress (2): 564 kB | 38 kB
Progress (2): 569 kB | 38 kB
Progress (2): 573 kB | 38 kB
Progress (2): 577 kB | 38 kB
Progress (2): 581 kB | 38 kB
Progress (2): 585 kB | 38 kB
Progress (2): 589 kB | 38 kB
Progress (2): 593 kB | 38 kB
Progress (2): 597 kB | 38 kB
Progress (2): 601 kB | 38 kB
Progress (2): 605 kB | 38 kB
Progress (2): 609 kB | 38 kB
Progress (2): 614 kB | 38 kB
Progress (2): 618 kB | 38 kB
Progress (2): 622 kB | 38 kB
Progress (2): 626 kB | 38 kB
Progress (2): 630 kB | 38 kB
Progress (2): 634 kB | 38 kB
Progress (2): 638 kB | 38 kB
Progress (2): 642 kB | 38 kB
Progress (2): 646 kB | 38 kB
Progress (2): 650 kB | 38 kB
Progress (2): 655 kB | 38 kB
Progress (2): 659 kB | 38 kB
Progress (2): 663 kB | 38 kB
Progress (2): 667 kB | 38 kB
Progress (2): 671 kB | 38 kB
Progress (2): 675 kB | 38 kB
Progress (2): 679 kB | 38 kB
Progress (2): 683 kB | 38 kB
Progress (2): 687 kB | 38 kB
Progress (2): 691 kB | 38 kB
Progress (2): 695 kB | 38 kB
Progress (2): 700 kB | 38 kB
Progress (2): 704 kB | 38 kB
Progress (2): 708 kB | 38 kB
Progress (2): 712 kB | 38 kB
Progress (2): 716 kB | 38 kB
Progress (2): 716 kB | 42 kB
Progress (2): 720 kB | 42 kB
Progress (2): 724 kB | 42 kB
Progress (2): 728 kB | 42 kB
Progress (2): 732 kB | 42 kB
Progress (2): 736 kB | 42 kB
Progress (2): 740 kB | 42 kB
Progress (2): 740 kB | 46 kB
Progress (2): 740 kB | 50 kB
Progress (2): 740 kB | 53 kB
Progress (2): 740 kB | 55 kB
Progress (2): 740 kB | 59 kB
Progress (2): 745 kB | 59 kB
Progress (2): 745 kB | 63 kB
Progress (2): 749 kB | 63 kB
Progress (2): 749 kB | 68 kB
Progress (2): 751 kB | 68 kB
Progress (2): 751 kB | 72 kB
Progress (2): 751 kB | 76 kB
Progress (2): 751 kB | 80 kB
Progress (2): 751 kB | 84 kB
Progress (2): 751 kB | 88 kB
Progress (2): 751 kB | 91 kB
Progress (2): 751 kB | 94 kB
Progress (2): 751 kB | 96 kB
Progress (2): 751 kB | 100 kB
Progress (2): 751 kB | 104 kB
Progress (2): 751 kB | 107 kB
Progress (2): 751 kB | 111 kB
Progress (2): 751 kB | 115 kB
Progress (2): 751 kB | 119 kB
Progress (2): 751 kB | 123 kB
Progress (2): 751 kB | 127 kB
Progress (2): 751 kB | 131 kB
Progress (2): 751 kB | 135 kB
Progress (2): 751 kB | 140 kB
Progress (2): 751 kB | 144 kB
Progress (2): 751 kB | 148 kB
Progress (2): 751 kB | 152 kB
Progress (2): 751 kB | 156 kB
Progress (2): 751 kB | 160 kB
Progress (2): 751 kB | 164 kB
Progress (2): 751 kB | 168 kB
Progress (2): 751 kB | 172 kB
Progress (2): 751 kB | 176 kB
Progress (2): 751 kB | 181 kB
Progress (2): 751 kB | 185 kB
Progress (2): 751 kB | 189 kB
Progress (2): 751 kB | 193 kB
Progress (2): 751 kB | 197 kB
Progress (2): 751 kB | 201 kB
Progress (2): 751 kB | 205 kB
Progress (2): 751 kB | 209 kB
Progress (2): 751 kB | 213 kB
Progress (2): 751 kB | 217 kB
Progress (2): 751 kB | 222 kB
Progress (2): 751 kB | 226 kB
Progress (2): 751 kB | 230 kB
Progress (2): 751 kB | 234 kB
Progress (2): 751 kB | 238 kB
Progress (2): 751 kB | 242 kB
Progress (2): 751 kB | 246 kB
Progress (2): 751 kB | 250 kB
Progress (2): 751 kB | 254 kB
Progress (2): 751 kB | 258 kB
Progress (2): 751 kB | 262 kB
Progress (2): 751 kB | 267 kB
Progress (2): 751 kB | 271 kB
Progress (2): 751 kB | 275 kB
Progress (2): 751 kB | 279 kB
Progress (2): 751 kB | 283 kB
Progress (2): 751 kB | 287 kB
Progress (2): 751 kB | 291 kB
Progress (2): 751 kB | 295 kB
Progress (2): 751 kB | 299 kB
Progress (2): 751 kB | 303 kB
Progress (2): 751 kB | 308 kB
Progress (2): 751 kB | 312 kB
Progress (2): 751 kB | 316 kB
Progress (2): 751 kB | 320 kB
Progress (2): 751 kB | 324 kB
Progress (2): 751 kB | 328 kB
Progress (2): 751 kB | 332 kB
Progress (2): 751 kB | 336 kB
Progress (2): 751 kB | 340 kB
Progress (2): 751 kB | 344 kB
Progress (2): 751 kB | 348 kB
Progress (2): 751 kB | 353 kB
Progress (2): 751 kB | 357 kB
Progress (2): 751 kB | 361 kB
Progress (2): 751 kB | 365 kB
Progress (2): 751 kB | 369 kB
Progress (2): 751 kB | 373 kB
Progress (2): 751 kB | 377 kB
Progress (2): 751 kB | 381 kB
Progress (2): 751 kB | 385 kB
Progress (2): 751 kB | 389 kB
Progress (2): 751 kB | 394 kB
Progress (2): 751 kB | 398 kB
Progress (2): 751 kB | 402 kB
Progress (2): 751 kB | 406 kB
Progress (2): 751 kB | 410 kB
Progress (2): 751 kB | 414 kB
Progress (2): 751 kB | 418 kB
Progress (2): 751 kB | 422 kB
Progress (2): 751 kB | 426 kB
Progress (2): 751 kB | 430 kB
Progress (2): 751 kB | 434 kB
Progress (2): 751 kB | 439 kB
Progress (2): 751 kB | 443 kB
Progress (2): 751 kB | 447 kB
Progress (2): 751 kB | 451 kB
Progress (2): 751 kB | 455 kB
Progress (2): 751 kB | 459 kB
Progress (2): 751 kB | 463 kB
Progress (2): 751 kB | 467 kB
Progress (2): 751 kB | 471 kB
Progress (2): 751 kB | 475 kB
Progress (2): 751 kB | 480 kB
Progress (2): 751 kB | 484 kB
Progress (2): 751 kB | 488 kB
Progress (2): 751 kB | 492 kB
Progress (2): 751 kB | 496 kB
Progress (2): 751 kB | 500 kB
Progress (2): 751 kB | 504 kB
Progress (2): 751 kB | 508 kB
Progress (2): 751 kB | 512 kB
Progress (2): 751 kB | 516 kB
Progress (2): 751 kB | 521 kB
Progress (2): 751 kB | 525 kB
Progress (2): 751 kB | 529 kB
Progress (2): 751 kB | 533 kB
Progress (2): 751 kB | 537 kB
Progress (2): 751 kB | 541 kB
Progress (2): 751 kB | 545 kB
Progress (2): 751 kB | 549 kB
Progress (2): 751 kB | 553 kB
Progress (2): 751 kB | 557 kB
Progress (2): 751 kB | 561 kB
Progress (2): 751 kB | 566 kB
Progress (2): 751 kB | 570 kB
Progress (2): 751 kB | 574 kB
Progress (2): 751 kB | 578 kB
Progress (2): 751 kB | 582 kB
Progress (2): 751 kB | 586 kB
Progress (2): 751 kB | 590 kB
Progress (2): 751 kB | 594 kB
Progress (2): 751 kB | 598 kB
Progress (2): 751 kB | 602 kB
Progress (2): 751 kB | 607 kB
Progress (2): 751 kB | 611 kB
Progress (2): 751 kB | 615 kB
Progress (2): 751 kB | 619 kB
Progress (2): 751 kB | 623 kB
Progress (2): 751 kB | 627 kB
Progress (2): 751 kB | 631 kB
Progress (2): 751 kB | 635 kB
Progress (2): 751 kB | 639 kB
Progress (2): 751 kB | 643 kB
Progress (2): 751 kB | 647 kB
Progress (2): 751 kB | 652 kB
Progress (2): 751 kB | 656 kB
Progress (2): 751 kB | 660 kB
Progress (2): 751 kB | 664 kB
Progress (2): 751 kB | 668 kB
Progress (2): 751 kB | 672 kB
Progress (2): 751 kB | 676 kB
Progress (2): 751 kB | 680 kB
Progress (2): 751 kB | 684 kB
Progress (2): 751 kB | 688 kB
Progress (2): 751 kB | 693 kB
Progress (2): 751 kB | 697 kB
Progress (2): 751 kB | 701 kB
Progress (2): 751 kB | 705 kB
Progress (2): 751 kB | 709 kB
Progress (2): 751 kB | 713 kB
Progress (2): 751 kB | 717 kB
Progress (2): 751 kB | 721 kB
Progress (2): 751 kB | 725 kB
Progress (2): 751 kB | 729 kB
Progress (2): 751 kB | 734 kB
Progress (2): 751 kB | 738 kB
Progress (2): 751 kB | 742 kB
Progress (2): 751 kB | 746 kB
Progress (2): 751 kB | 750 kB
Progress (2): 751 kB | 754 kB
Progress (2): 751 kB | 758 kB
Progress (2): 751 kB | 762 kB
Progress (2): 751 kB | 766 kB
Progress (2): 751 kB | 770 kB
Progress (2): 751 kB | 774 kB
Progress (2): 751 kB | 779 kB
Progress (2): 751 kB | 783 kB
Progress (2): 751 kB | 787 kB
Progress (2): 751 kB | 791 kB
Progress (2): 751 kB | 795 kB
Progress (2): 751 kB | 799 kB
Progress (2): 751 kB | 803 kB
Progress (2): 751 kB | 807 kB
Progress (2): 751 kB | 811 kB
Progress (2): 751 kB | 815 kB
Progress (2): 751 kB | 820 kB
Progress (2): 751 kB | 824 kB
Progress (2): 751 kB | 828 kB
Progress (2): 751 kB | 832 kB
Progress (2): 751 kB | 836 kB
Progress (2): 751 kB | 840 kB
Progress (2): 751 kB | 844 kB
Progress (2): 751 kB | 848 kB
Progress (2): 751 kB | 852 kB
Progress (2): 751 kB | 856 kB
Progress (2): 751 kB | 860 kB
Progress (2): 751 kB | 865 kB
Progress (2): 751 kB | 869 kB
Progress (2): 751 kB | 873 kB
Progress (2): 751 kB | 877 kB
Progress (2): 751 kB | 881 kB
Progress (2): 751 kB | 885 kB
Progress (2): 751 kB | 889 kB
Progress (2): 751 kB | 893 kB
Progress (2): 751 kB | 897 kB
Progress (2): 751 kB | 901 kB
Progress (2): 751 kB | 906 kB
Progress (2): 751 kB | 910 kB
Progress (2): 751 kB | 914 kB
Progress (2): 751 kB | 918 kB
Progress (2): 751 kB | 922 kB
Progress (2): 751 kB | 926 kB
Progress (2): 751 kB | 930 kB
Progress (2): 751 kB | 934 kB
Progress (2): 751 kB | 938 kB
Progress (2): 751 kB | 942 kB
Progress (2): 751 kB | 946 kB
Progress (2): 751 kB | 951 kB
Progress (2): 751 kB | 955 kB
Progress (2): 751 kB | 959 kB
Progress (2): 751 kB | 963 kB
Progress (2): 751 kB | 967 kB
Progress (2): 751 kB | 971 kB
Progress (2): 751 kB | 975 kB
Progress (2): 751 kB | 979 kB
Progress (2): 751 kB | 983 kB
Progress (2): 751 kB | 987 kB
Progress (2): 751 kB | 992 kB
Progress (2): 751 kB | 996 kB
Progress (2): 751 kB | 1000 kB
Progress (2): 751 kB | 1.0 MB 
Progress (2): 751 kB | 1.0 MB
Progress (2): 751 kB | 1.0 MB
Progress (2): 751 kB | 1.0 MB
Progress (2): 751 kB | 1.0 MB
Progress (2): 751 kB | 1.0 MB
Progress (2): 751 kB | 1.0 MB
Progress (2): 751 kB | 1.0 MB
Progress (2): 751 kB | 1.0 MB
Progress (2): 751 kB | 1.0 MB
Progress (2): 751 kB | 1.0 MB
Progress (2): 751 kB | 1.0 MB
Progress (2): 751 kB | 1.1 MB
Progress (2): 751 kB | 1.1 MB
Progress (2): 751 kB | 1.1 MB
Progress (2): 751 kB | 1.1 MB
Progress (2): 751 kB | 1.1 MB
Progress (2): 751 kB | 1.1 MB
Progress (2): 751 kB | 1.1 MB
Progress (2): 751 kB | 1.1 MB
Progress (2): 751 kB | 1.1 MB
Progress (2): 751 kB | 1.1 MB
Progress (2): 751 kB | 1.1 MB
Progress (2): 751 kB | 1.1 MB
Progress (2): 751 kB | 1.1 MB
Progress (2): 751 kB | 1.1 MB
Progress (2): 751 kB | 1.1 MB
Progress (2): 751 kB | 1.1 MB
Progress (2): 751 kB | 1.1 MB
Progress (2): 751 kB | 1.1 MB
Progress (2): 751 kB | 1.1 MB
Progress (2): 751 kB | 1.1 MB
Progress (2): 751 kB | 1.1 MB
Progress (2): 751 kB | 1.1 MB
Progress (2): 751 kB | 1.1 MB
Progress (2): 751 kB | 1.1 MB
Progress (2): 751 kB | 1.2 MB
Progress (2): 751 kB | 1.2 MB
Progress (2): 751 kB | 1.2 MB
Progress (2): 751 kB | 1.2 MB
Progress (2): 751 kB | 1.2 MB
Progress (2): 751 kB | 1.2 MB
Progress (2): 751 kB | 1.2 MB
Progress (2): 751 kB | 1.2 MB
Progress (2): 751 kB | 1.2 MB
Progress (2): 751 kB | 1.2 MB
Progress (2): 751 kB | 1.2 MB
Progress (2): 751 kB | 1.2 MB
Progress (2): 751 kB | 1.2 MB
Progress (2): 751 kB | 1.2 MB
Progress (2): 751 kB | 1.2 MB
Progress (2): 751 kB | 1.2 MB
Progress (2): 751 kB | 1.2 MB
Progress (2): 751 kB | 1.2 MB
Progress (2): 751 kB | 1.2 MB
Progress (2): 751 kB | 1.2 MB
Progress (2): 751 kB | 1.2 MB
Progress (2): 751 kB | 1.2 MB
Progress (2): 751 kB | 1.2 MB
Progress (2): 751 kB | 1.2 MB
Progress (2): 751 kB | 1.2 MB
Progress (2): 751 kB | 1.3 MB
Progress (2): 751 kB | 1.3 MB
Progress (2): 751 kB | 1.3 MB
Progress (2): 751 kB | 1.3 MB
Progress (2): 751 kB | 1.3 MB
Progress (2): 751 kB | 1.3 MB
Progress (2): 751 kB | 1.3 MB
Progress (2): 751 kB | 1.3 MB
Progress (2): 751 kB | 1.3 MB
Progress (2): 751 kB | 1.3 MB
Progress (2): 751 kB | 1.3 MB
Progress (2): 751 kB | 1.3 MB
Progress (2): 751 kB | 1.3 MB
Progress (2): 751 kB | 1.3 MB
Progress (2): 751 kB | 1.3 MB
Progress (2): 751 kB | 1.3 MB
Progress (2): 751 kB | 1.3 MB
Progress (2): 751 kB | 1.3 MB
Progress (2): 751 kB | 1.3 MB
Progress (2): 751 kB | 1.3 MB
Progress (2): 751 kB | 1.3 MB
Progress (2): 751 kB | 1.3 MB
Progress (2): 751 kB | 1.3 MB
Progress (2): 751 kB | 1.3 MB
Progress (2): 751 kB | 1.3 MB
Progress (2): 751 kB | 1.3 MB
Progress (2): 751 kB | 1.4 MB
Progress (2): 751 kB | 1.4 MB
Progress (2): 751 kB | 1.4 MB
Progress (2): 751 kB | 1.4 MB
Progress (2): 751 kB | 1.4 MB
Progress (2): 751 kB | 1.4 MB
Progress (2): 751 kB | 1.4 MB
Progress (2): 751 kB | 1.4 MB
Progress (2): 751 kB | 1.4 MB
Progress (2): 751 kB | 1.4 MB
Progress (2): 751 kB | 1.4 MB
Progress (2): 751 kB | 1.4 MB
Progress (2): 751 kB | 1.4 MB
Progress (2): 751 kB | 1.4 MB
Progress (2): 751 kB | 1.4 MB
Progress (2): 751 kB | 1.4 MB
Progress (2): 751 kB | 1.4 MB
Progress (2): 751 kB | 1.4 MB
Progress (2): 751 kB | 1.4 MB
Progress (2): 751 kB | 1.4 MB
Progress (2): 751 kB | 1.4 MB
Progress (2): 751 kB | 1.4 MB
Progress (2): 751 kB | 1.4 MB
Progress (2): 751 kB | 1.4 MB
Progress (2): 751 kB | 1.4 MB
Progress (2): 751 kB | 1.4 MB
Progress (2): 751 kB | 1.5 MB
Progress (2): 751 kB | 1.5 MB
Progress (2): 751 kB | 1.5 MB
Progress (2): 751 kB | 1.5 MB
Progress (2): 751 kB | 1.5 MB
Progress (2): 751 kB | 1.5 MB
Progress (2): 751 kB | 1.5 MB
Progress (2): 751 kB | 1.5 MB
Progress (2): 751 kB | 1.5 MB
Progress (2): 751 kB | 1.5 MB
Progress (2): 751 kB | 1.5 MB
Progress (2): 751 kB | 1.5 MB
Progress (2): 751 kB | 1.5 MB
Progress (2): 751 kB | 1.5 MB
Progress (2): 751 kB | 1.5 MB
Progress (2): 751 kB | 1.5 MB
Progress (2): 751 kB | 1.5 MB
Progress (2): 751 kB | 1.5 MB
Progress (2): 751 kB | 1.5 MB
Progress (2): 751 kB | 1.5 MB
Progress (2): 751 kB | 1.5 MB
Progress (2): 751 kB | 1.5 MB
Progress (2): 751 kB | 1.5 MB
Progress (2): 751 kB | 1.5 MB
Progress (2): 751 kB | 1.5 MB
Progress (2): 751 kB | 1.5 MB
Progress (2): 751 kB | 1.6 MB
Progress (2): 751 kB | 1.6 MB
Progress (2): 751 kB | 1.6 MB
Progress (2): 751 kB | 1.6 MB
Progress (2): 751 kB | 1.6 MB
Progress (2): 751 kB | 1.6 MB
Progress (2): 751 kB | 1.6 MB
Progress (2): 751 kB | 1.6 MB
Progress (2): 751 kB | 1.6 MB
Progress (2): 751 kB | 1.6 MB
Progress (2): 751 kB | 1.6 MB
Progress (2): 751 kB | 1.6 MB
Progress (2): 751 kB | 1.6 MB
Progress (2): 751 kB | 1.6 MB
Progress (2): 751 kB | 1.6 MB
Progress (2): 751 kB | 1.6 MB
Progress (2): 751 kB | 1.6 MB
Progress (2): 751 kB | 1.6 MB
Progress (2): 751 kB | 1.6 MB
Progress (2): 751 kB | 1.6 MB
Progress (2): 751 kB | 1.6 MB
Progress (2): 751 kB | 1.6 MB
Progress (2): 751 kB | 1.6 MB
                             
Downloaded from aiban-tianyin-core: https://aiban-maven.pkg.coding.net/repository/tianyin/core/org/apache/commons/commons-collections4/4.1/commons-collections4-4.1.jar (751 kB at 616 kB/s)
Progress (1): 1.6 MB
Progress (1): 1.7 MB
Progress (1): 1.7 MB
Progress (1): 1.7 MB
Progress (1): 1.7 MB
Progress (1): 1.7 MB
Progress (1): 1.7 MB
Progress (1): 1.7 MB
Progress (1): 1.7 MB
Progress (1): 1.7 MB
Progress (1): 1.7 MB
Progress (1): 1.7 MB
Progress (1): 1.7 MB
Progress (1): 1.7 MB
Progress (1): 1.7 MB
Progress (1): 1.7 MB
Progress (1): 1.7 MB
Progress (1): 1.7 MB
                    
Downloaded from aiban-tianyin-core: https://aiban-maven.pkg.coding.net/repository/tianyin/core/org/apache/logging/log4j/log4j-core/2.13.2/log4j-core-2.13.2.jar (1.7 MB at 1.2 MB/s)
[[1;34mINFO[m] 
[[1;34mINFO[m] [1m--- [0;32mmaven-clean-plugin:3.1.0:clean[m [1m(default-clean)[m @ [36mdisruptor-spring-boot-starter[0;1m ---[m
[[1;34mINFO[m] Deleting /Users/wandl/workspaces/workspace-ddd4j/workspace-ddd4j-boot-starters/disruptor-spring-boot-starter/target
[[1;34mINFO[m] 
[[1;34mINFO[m] [1m--- [0;32mmaven-enforcer-plugin:3.0.0-M3:enforce[m [1m(default-cli)[m @ [36mdisruptor-spring-boot-starter[0;1m ---[m
[[1;34mINFO[m] 
[[1;34mINFO[m] [1m--- [0;32mmaven-resources-plugin:3.1.0:resources[m [1m(default-resources)[m @ [36mdisruptor-spring-boot-starter[0;1m ---[m
[[1;34mINFO[m] Using 'UTF-8' encoding to copy filtered resources.
[[1;34mINFO[m] Copying 0 resource
[[1;34mINFO[m] Copying 2 resources
[[1;34mINFO[m] 
[[1;34mINFO[m] [1m--- [0;32mmaven-compiler-plugin:3.8.1:compile[m [1m(default-compile)[m @ [36mdisruptor-spring-boot-starter[0;1m ---[m
[[1;34mINFO[m] Changes detected - recompiling the module!
[[1;34mINFO[m] Compiling 48 source files to /Users/wandl/workspaces/workspace-ddd4j/workspace-ddd4j-boot-starters/disruptor-spring-boot-starter/target/classes
[[1;34mINFO[m] /Users/wandl/workspaces/workspace-ddd4j/workspace-ddd4j-boot-starters/disruptor-spring-boot-starter/src/main/java/com/lmax/disruptor/spring/boot/util/StringUtils.java: /Users/wandl/workspaces/workspace-ddd4j/workspace-ddd4j-boot-starters/disruptor-spring-boot-starter/src/main/java/com/lmax/disruptor/spring/boot/util/StringUtils.javaõ¢┐þö¿µêûÞªåþøûõ║åÕÀ▓Þ┐çµùÂþÜä APIÒÇé
[[1;34mINFO[m] /Users/wandl/workspaces/workspace-ddd4j/workspace-ddd4j-boot-starters/disruptor-spring-boot-starter/src/main/java/com/lmax/disruptor/spring/boot/util/StringUtils.java: µ£ëÕà│Þ»ªþ╗åõ┐íµü», Þ»Àõ¢┐þö¿ -Xlint:deprecation Úçìµû░þ╝ûÞ»æÒÇé
[[1;34mINFO[m] /Users/wandl/workspaces/workspace-ddd4j/workspace-ddd4j-boot-starters/disruptor-spring-boot-starter/src/main/java/com/lmax/disruptor/spring/boot/context/DisruptorEventAwareProcessor.java: /Users/wandl/workspaces/workspace-ddd4j/workspace-ddd4j-boot-starters/disruptor-spring-boot-starter/src/main/java/com/lmax/disruptor/spring/boot/context/DisruptorEventAwareProcessor.java õ¢┐þö¿µêûÞªåþøûõ║åµáçÞ«░õ©║Õ¥àÕêáÚÖñþÜäÕÀ▓Þ┐çµùÂ APIÒÇé
[[1;34mINFO[m] /Users/wandl/workspaces/workspace-ddd4j/workspace-ddd4j-boot-starters/disruptor-spring-boot-starter/src/main/java/com/lmax/disruptor/spring/boot/context/DisruptorEventAwareProcessor.java: µ£ëÕà│Þ»ªþ╗åõ┐íµü», Þ»Àõ¢┐þö¿ -Xlint:removal Úçìµû░þ╝ûÞ»æÒÇé
[[1;34mINFO[m] 
[[1;34mINFO[m] [1m--- [0;32mmaven-resources-plugin:3.1.0:testResources[m [1m(default-testResources)[m @ [36mdisruptor-spring-boot-starter[0;1m ---[m
[[1;34mINFO[m] Not copying test resources
[[1;34mINFO[m] 
[[1;34mINFO[m] [1m--- [0;32mmaven-compiler-plugin:3.8.1:testCompile[m [1m(default-testCompile)[m @ [36mdisruptor-spring-boot-starter[0;1m ---[m
[[1;34mINFO[m] Not compiling test sources
[[1;34mINFO[m] 
[[1;34mINFO[m] [1m--- [0;32mmaven-surefire-plugin:2.22.1:test[m [1m(default-test)[m @ [36mdisruptor-spring-boot-starter[0;1m ---[m
[[1;34mINFO[m] Tests are skipped.
[[1;34mINFO[m] 
[[1;34mINFO[m] [1m--- [0;32mmaven-jar-plugin:3.1.1:jar[m [1m(default-jar)[m @ [36mdisruptor-spring-boot-starter[0;1m ---[m
[[1;34mINFO[m] Building jar: /Users/wandl/workspaces/workspace-ddd4j/workspace-ddd4j-boot-starters/disruptor-spring-boot-starter/target/disruptor-spring-boot-starter-2.3.x.20240823.RELEASE.jar
[[1;34mINFO[m] 
[[1;34mINFO[m] [1m--- [0;32mmaven-source-plugin:3.2.1:jar-no-fork[m [1m(attach-sources)[m @ [36mdisruptor-spring-boot-starter[0;1m ---[m
[[1;34mINFO[m] Building jar: /Users/wandl/workspaces/workspace-ddd4j/workspace-ddd4j-boot-starters/disruptor-spring-boot-starter/target/disruptor-spring-boot-starter-2.3.x.20240823.RELEASE-sources.jar
[[1;34mINFO[m] 
[[1;34mINFO[m] [1m--- [0;32mmaven-install-plugin:2.5.2:install[m [1m(default-install)[m @ [36mdisruptor-spring-boot-starter[0;1m ---[m
[[1;34mINFO[m] Installing /Users/wandl/workspaces/workspace-ddd4j/workspace-ddd4j-boot-starters/disruptor-spring-boot-starter/target/disruptor-spring-boot-starter-2.3.x.20240823.RELEASE.jar to /Users/wandl/.m2/repository/com/github/hiwepy/disruptor-spring-boot-starter/2.3.x.20240823.RELEASE/disruptor-spring-boot-starter-2.3.x.20240823.RELEASE.jar
[[1;34mINFO[m] Installing /Users/wandl/workspaces/workspace-ddd4j/workspace-ddd4j-boot-starters/disruptor-spring-boot-starter/pom.xml to /Users/wandl/.m2/repository/com/github/hiwepy/disruptor-spring-boot-starter/2.3.x.20240823.RELEASE/disruptor-spring-boot-starter-2.3.x.20240823.RELEASE.pom
[[1;34mINFO[m] Installing /Users/wandl/workspaces/workspace-ddd4j/workspace-ddd4j-boot-starters/disruptor-spring-boot-starter/target/disruptor-spring-boot-starter-2.3.x.20240823.RELEASE-sources.jar to /Users/wandl/.m2/repository/com/github/hiwepy/disruptor-spring-boot-starter/2.3.x.20240823.RELEASE/disruptor-spring-boot-starter-2.3.x.20240823.RELEASE-sources.jar
[[1;34mINFO[m] 
[[1;34mINFO[m] [1m--- [0;32mmaven-deploy-plugin:2.8.2:deploy[m [1m(default-deploy)[m @ [36mdisruptor-spring-boot-starter[0;1m ---[m
[[1;34mINFO[m] Using alternate deployment repository maven-releases::default::https://packages.aliyun.com/5fdc0afd99b59ba3c5ead757/maven/maven-releases
Uploading to maven-releases: https://packages.aliyun.com/5fdc0afd99b59ba3c5ead757/maven/maven-releases/com/github/hiwepy/disruptor-spring-boot-starter/2.3.x.20240823.RELEASE/disruptor-spring-boot-starter-2.3.x.20240823.RELEASE.jar
Progress (1): 4.1/82 kB
Progress (1): 8.2/82 kB
Progress (1): 12/82 kB 
Progress (1): 16/82 kB
Progress (1): 20/82 kB
Progress (1): 25/82 kB
Progress (1): 29/82 kB
Progress (1): 33/82 kB
Progress (1): 37/82 kB
Progress (1): 41/82 kB
Progress (1): 45/82 kB
Progress (1): 49/82 kB
Progress (1): 53/82 kB
Progress (1): 57/82 kB
Progress (1): 61/82 kB
Progress (1): 66/82 kB
Progress (1): 70/82 kB
Progress (1): 74/82 kB
Progress (1): 78/82 kB
Progress (1): 82/82 kB
Progress (1): 82 kB   
                   
Uploaded to maven-releases: https://packages.aliyun.com/5fdc0afd99b59ba3c5ead757/maven/maven-releases/com/github/hiwepy/disruptor-spring-boot-starter/2.3.x.20240823.RELEASE/disruptor-spring-boot-starter-2.3.x.20240823.RELEASE.jar (82 kB at 64 kB/s)
Uploading to maven-releases: https://packages.aliyun.com/5fdc0afd99b59ba3c5ead757/maven/maven-releases/com/github/hiwepy/disruptor-spring-boot-starter/2.3.x.20240823.RELEASE/disruptor-spring-boot-starter-2.3.x.20240823.RELEASE.pom
Progress (1): 4.1/17 kB
Progress (1): 8.2/17 kB
Progress (1): 12/17 kB 
Progress (1): 16/17 kB
Progress (1): 17 kB   
                   
Uploaded to maven-releases: https://packages.aliyun.com/5fdc0afd99b59ba3c5ead757/maven/maven-releases/com/github/hiwepy/disruptor-spring-boot-starter/2.3.x.20240823.RELEASE/disruptor-spring-boot-starter-2.3.x.20240823.RELEASE.pom (17 kB at 19 kB/s)
Downloading from maven-releases: https://packages.aliyun.com/5fdc0afd99b59ba3c5ead757/maven/maven-releases/com/github/hiwepy/disruptor-spring-boot-starter/maven-metadata.xml
Uploading to maven-releases: https://packages.aliyun.com/5fdc0afd99b59ba3c5ead757/maven/maven-releases/com/github/hiwepy/disruptor-spring-boot-starter/maven-metadata.xml
Progress (1): 360 B
                   
Uploaded to maven-releases: https://packages.aliyun.com/5fdc0afd99b59ba3c5ead757/maven/maven-releases/com/github/hiwepy/disruptor-spring-boot-starter/maven-metadata.xml (360 B at 364 B/s)
Uploading to maven-releases: https://packages.aliyun.com/5fdc0afd99b59ba3c5ead757/maven/maven-releases/com/github/hiwepy/disruptor-spring-boot-starter/2.3.x.20240823.RELEASE/disruptor-spring-boot-starter-2.3.x.20240823.RELEASE-sources.jar
Progress (1): 4.1/66 kB
Progress (1): 8.2/66 kB
Progress (1): 12/66 kB 
Progress (1): 16/66 kB
Progress (1): 20/66 kB
Progress (1): 25/66 kB
Progress (1): 29/66 kB
Progress (1): 33/66 kB
Progress (1): 37/66 kB
Progress (1): 41/66 kB
Progress (1): 45/66 kB
Progress (1): 49/66 kB
Progress (1): 53/66 kB
Progress (1): 57/66 kB
Progress (1): 61/66 kB
Progress (1): 66 kB   
                   
Uploaded to maven-releases: https://packages.aliyun.com/5fdc0afd99b59ba3c5ead757/maven/maven-releases/com/github/hiwepy/disruptor-spring-boot-starter/2.3.x.20240823.RELEASE/disruptor-spring-boot-starter-2.3.x.20240823.RELEASE-sources.jar (66 kB at 59 kB/s)
[[1;34mINFO[m] [1m------------------------------------------------------------------------[m
[[1;34mINFO[m] [1;32mBUILD SUCCESS[m
[[1;34mINFO[m] [1m------------------------------------------------------------------------[m
[[1;34mINFO[m] Total time:  10.229 s
[[1;34mINFO[m] Finished at: 2026-03-16T13:55:55+08:00
[[1;34mINFO[m] [1m------------------------------------------------------------------------[m
[disruptor-spring-boot-starter/2.3.x] µêÉÕèƒ
[[1;34mINFO[m] Scanning for projects...
[[1;34mINFO[m] 
[[1;34mINFO[m] [1m----------< [0;36mio.github.hiwepy:disruptor-spring-boot-starter[0;1m >-----------[m
[[1;34mINFO[m] [1mBuilding io.github.hiwepy:disruptor-spring-boot-starter 2.7.x.20240823.RELEASE[m
[[1;34mINFO[m] [1m--------------------------------[ jar ]---------------------------------[m
Downloading from aiban-tianyin-core: https://aiban-maven.pkg.coding.net/repository/tianyin/core/org/springframework/boot/spring-boot-starter-log4j2/2.7.0/spring-boot-starter-log4j2-2.7.0.pom
Progress (1): 2.6 kB
Progress (1): 2.7 kB
                    
Downloaded from aiban-tianyin-core: https://aiban-maven.pkg.coding.net/repository/tianyin/core/org/springframework/boot/spring-boot-starter-log4j2/2.7.0/spring-boot-starter-log4j2-2.7.0.pom (2.7 kB at 3.7 kB/s)
Downloading from aiban-tianyin-core: https://aiban-maven.pkg.coding.net/repository/tianyin/core/org/apache/logging/log4j/log4j-slf4j-impl/2.17.2/log4j-slf4j-impl-2.17.2.pom
Progress (1): 3.8 kB
Progress (1): 7.9 kB
Progress (1): 12 kB 
                   
Downloaded from aiban-tianyin-core: https://aiban-maven.pkg.coding.net/repository/tianyin/core/org/apache/logging/log4j/log4j-slf4j-impl/2.17.2/log4j-slf4j-impl-2.17.2.pom (12 kB at 40 kB/s)
Downloading from aiban-tianyin-core: https://aiban-maven.pkg.coding.net/repository/tianyin/core/org/apache/logging/log4j/log4j-core/2.17.2/log4j-core-2.17.2.pom
Progress (1): 4.1 kB
Progress (1): 8.2 kB
Progress (1): 11 kB 
Progress (1): 14 kB
Progress (1): 17 kB
Progress (1): 19 kB
Progress (1): 23 kB
Progress (1): 23 kB
                   
Downloaded from aiban-tianyin-core: https://aiban-maven.pkg.coding.net/repository/tianyin/core/org/apache/logging/log4j/log4j-core/2.17.2/log4j-core-2.17.2.pom (23 kB at 63 kB/s)
Downloading from aiban-tianyin-core: https://aiban-maven.pkg.coding.net/repository/tianyin/core/org/apache/logging/log4j/log4j-jul/2.17.2/log4j-jul-2.17.2.pom
Progress (1): 4.0 kB
Progress (1): 8.1 kB
Progress (1): 8.8 kB
                    
Downloaded from aiban-tianyin-core: https://aiban-maven.pkg.coding.net/repository/tianyin/core/org/apache/logging/log4j/log4j-jul/2.17.2/log4j-jul-2.17.2.pom (8.8 kB at 31 kB/s)
Downloading from aiban-tianyin-core: https://aiban-maven.pkg.coding.net/repository/tianyin/core/org/springframework/boot/spring-boot-starter-log4j2/2.7.0/spring-boot-starter-log4j2-2.7.0.jar
Downloading from aiban-tianyin-core: https://aiban-maven.pkg.coding.net/repository/tianyin/core/org/apache/logging/log4j/log4j-jul/2.17.2/log4j-jul-2.17.2.jar
Downloading from aiban-tianyin-core: https://aiban-maven.pkg.coding.net/repository/tianyin/core/org/apache/logging/log4j/log4j-core/2.17.2/log4j-core-2.17.2.jar
Downloading from aiban-tianyin-core: https://aiban-maven.pkg.coding.net/repository/tianyin/core/org/apache/logging/log4j/log4j-slf4j-impl/2.17.2/log4j-slf4j-impl-2.17.2.jar
Progress (1): 2.6 kB
Progress (1): 4.8 kB
                    
Downloaded from aiban-tianyin-core: https://aiban-maven.pkg.coding.net/repository/tianyin/core/org/springframework/boot/spring-boot-starter-log4j2/2.7.0/spring-boot-starter-log4j2-2.7.0.jar (4.8 kB at 15 kB/s)
Progress (1): 4.1 kB
Progress (2): 4.1 kB | 4.0 kB
Progress (2): 8.2 kB | 4.0 kB
Progress (2): 8.2 kB | 8.1 kB
Progress (2): 12 kB | 8.1 kB 
Progress (2): 16 kB | 8.1 kB
Progress (2): 19 kB | 8.1 kB
Progress (2): 23 kB | 8.1 kB
Progress (2): 24 kB | 8.1 kB
Progress (2): 24 kB | 12 kB 
Progress (2): 24 kB | 16 kB
Progress (2): 24 kB | 19 kB
Progress (2): 24 kB | 22 kB
Progress (2): 24 kB | 25 kB
Progress (2): 24 kB | 29 kB
Progress (2): 24 kB | 31 kB
Progress (3): 24 kB | 31 kB | 2.6 kB
Progress (3): 24 kB | 31 kB | 6.7 kB
Progress (3): 24 kB | 31 kB | 11 kB 
Progress (3): 24 kB | 31 kB | 15 kB
Progress (3): 24 kB | 31 kB | 18 kB
Progress (3): 24 kB | 31 kB | 22 kB
Progress (3): 24 kB | 31 kB | 26 kB
Progress (3): 24 kB | 31 kB | 29 kB
Progress (3): 24 kB | 31 kB | 33 kB
Progress (3): 24 kB | 31 kB | 37 kB
Progress (3): 24 kB | 31 kB | 41 kB
Progress (3): 24 kB | 31 kB | 45 kB
Progress (3): 24 kB | 31 kB | 47 kB
Progress (3): 24 kB | 31 kB | 50 kB
Progress (3): 24 kB | 31 kB | 53 kB
Progress (3): 24 kB | 31 kB | 56 kB
Progress (3): 24 kB | 31 kB | 60 kB
Progress (3): 24 kB | 31 kB | 64 kB
Progress (3): 24 kB | 31 kB | 68 kB
Progress (3): 24 kB | 31 kB | 72 kB
Progress (3): 24 kB | 31 kB | 76 kB
Progress (3): 24 kB | 31 kB | 80 kB
Progress (3): 24 kB | 31 kB | 84 kB
Progress (3): 24 kB | 31 kB | 88 kB
Progress (3): 24 kB | 31 kB | 92 kB
Progress (3): 24 kB | 31 kB | 96 kB
Progress (3): 24 kB | 31 kB | 100 kB
Progress (3): 24 kB | 31 kB | 104 kB
Progress (3): 24 kB | 31 kB | 108 kB
Progress (3): 24 kB | 31 kB | 112 kB
Progress (3): 24 kB | 31 kB | 116 kB
Progress (3): 24 kB | 31 kB | 120 kB
Progress (3): 24 kB | 31 kB | 124 kB
Progress (3): 24 kB | 31 kB | 129 kB
Progress (3): 24 kB | 31 kB | 133 kB
Progress (3): 24 kB | 31 kB | 137 kB
Progress (3): 24 kB | 31 kB | 141 kB
Progress (3): 24 kB | 31 kB | 145 kB
Progress (3): 24 kB | 31 kB | 149 kB
Progress (3): 24 kB | 31 kB | 153 kB
Progress (3): 24 kB | 31 kB | 157 kB
Progress (3): 24 kB | 31 kB | 161 kB
Progress (3): 24 kB | 31 kB | 165 kB
Progress (3): 24 kB | 31 kB | 169 kB
Progress (3): 24 kB | 31 kB | 174 kB
Progress (3): 24 kB | 31 kB | 178 kB
Progress (3): 24 kB | 31 kB | 182 kB
Progress (3): 24 kB | 31 kB | 186 kB
Progress (3): 24 kB | 31 kB | 190 kB
Progress (3): 24 kB | 31 kB | 194 kB
Progress (3): 24 kB | 31 kB | 198 kB
Progress (3): 24 kB | 31 kB | 202 kB
Progress (3): 24 kB | 31 kB | 206 kB
Progress (3): 24 kB | 31 kB | 210 kB
                                    
Downloaded from aiban-tianyin-core: https://aiban-maven.pkg.coding.net/repository/tianyin/core/org/apache/logging/log4j/log4j-slf4j-impl/2.17.2/log4j-slf4j-impl-2.17.2.jar (24 kB at 46 kB/s)
Progress (2): 31 kB | 215 kB
Progress (2): 31 kB | 219 kB
Progress (2): 31 kB | 223 kB
Progress (2): 31 kB | 227 kB
Progress (2): 31 kB | 231 kB
Progress (2): 31 kB | 235 kB
Progress (2): 31 kB | 239 kB
Progress (2): 31 kB | 243 kB
Progress (2): 31 kB | 247 kB
Progress (2): 31 kB | 251 kB
Progress (2): 31 kB | 256 kB
Progress (2): 31 kB | 260 kB
Progress (2): 31 kB | 264 kB
Progress (2): 31 kB | 268 kB
Progress (2): 31 kB | 272 kB
Progress (2): 31 kB | 276 kB
Progress (2): 31 kB | 280 kB
Progress (2): 31 kB | 284 kB
Progress (2): 31 kB | 288 kB
Progress (2): 31 kB | 292 kB
Progress (2): 31 kB | 296 kB
Progress (2): 31 kB | 301 kB
Progress (2): 31 kB | 305 kB
Progress (2): 31 kB | 309 kB
Progress (2): 31 kB | 313 kB
Progress (2): 31 kB | 317 kB
Progress (2): 31 kB | 321 kB
Progress (2): 31 kB | 325 kB
Progress (2): 31 kB | 329 kB
Progress (2): 31 kB | 333 kB
Progress (2): 31 kB | 337 kB
Progress (2): 31 kB | 342 kB
Progress (2): 31 kB | 346 kB
Progress (2): 31 kB | 350 kB
Progress (2): 31 kB | 354 kB
Progress (2): 31 kB | 358 kB
Progress (2): 31 kB | 362 kB
Progress (2): 31 kB | 366 kB
Progress (2): 31 kB | 370 kB
Progress (2): 31 kB | 374 kB
Progress (2): 31 kB | 378 kB
Progress (2): 31 kB | 382 kB
Progress (2): 31 kB | 387 kB
Progress (2): 31 kB | 391 kB
Progress (2): 31 kB | 395 kB
Progress (2): 31 kB | 399 kB
Progress (2): 31 kB | 403 kB
Progress (2): 31 kB | 407 kB
Progress (2): 31 kB | 411 kB
Progress (2): 31 kB | 415 kB
Progress (2): 31 kB | 419 kB
Progress (2): 31 kB | 423 kB
Progress (2): 31 kB | 428 kB
Progress (2): 31 kB | 432 kB
Progress (2): 31 kB | 436 kB
Progress (2): 31 kB | 440 kB
Progress (2): 31 kB | 444 kB
Progress (2): 31 kB | 448 kB
Progress (2): 31 kB | 452 kB
Progress (2): 31 kB | 456 kB
Progress (2): 31 kB | 460 kB
Progress (2): 31 kB | 464 kB
Progress (2): 31 kB | 468 kB
Progress (2): 31 kB | 473 kB
Progress (2): 31 kB | 477 kB
Progress (2): 31 kB | 481 kB
Progress (2): 31 kB | 485 kB
Progress (2): 31 kB | 489 kB
Progress (2): 31 kB | 493 kB
Progress (2): 31 kB | 497 kB
Progress (2): 31 kB | 501 kB
Progress (2): 31 kB | 505 kB
Progress (2): 31 kB | 509 kB
Progress (2): 31 kB | 514 kB
Progress (2): 31 kB | 518 kB
Progress (2): 31 kB | 522 kB
Progress (2): 31 kB | 526 kB
Progress (2): 31 kB | 530 kB
Progress (2): 31 kB | 534 kB
                            
Downloaded from aiban-tianyin-core: https://aiban-maven.pkg.coding.net/repository/tianyin/core/org/apache/logging/log4j/log4j-jul/2.17.2/log4j-jul-2.17.2.jar (31 kB at 56 kB/s)
Progress (1): 538 kB
Progress (1): 542 kB
Progress (1): 546 kB
Progress (1): 550 kB
Progress (1): 555 kB
Progress (1): 559 kB
Progress (1): 563 kB
Progress (1): 567 kB
Progress (1): 571 kB
Progress (1): 575 kB
Progress (1): 579 kB
Progress (1): 583 kB
Progress (1): 587 kB
Progress (1): 591 kB
Progress (1): 595 kB
Progress (1): 600 kB
Progress (1): 604 kB
Progress (1): 608 kB
Progress (1): 612 kB
Progress (1): 616 kB
Progress (1): 620 kB
Progress (1): 624 kB
Progress (1): 628 kB
Progress (1): 632 kB
Progress (1): 636 kB
Progress (1): 641 kB
Progress (1): 645 kB
Progress (1): 649 kB
Progress (1): 653 kB
Progress (1): 657 kB
Progress (1): 661 kB
Progress (1): 665 kB
Progress (1): 669 kB
Progress (1): 673 kB
Progress (1): 677 kB
Progress (1): 681 kB
Progress (1): 686 kB
Progress (1): 690 kB
Progress (1): 694 kB
Progress (1): 698 kB
Progress (1): 702 kB
Progress (1): 706 kB
Progress (1): 710 kB
Progress (1): 714 kB
Progress (1): 718 kB
Progress (1): 722 kB
Progress (1): 727 kB
Progress (1): 731 kB
Progress (1): 735 kB
Progress (1): 739 kB
Progress (1): 743 kB
Progress (1): 747 kB
Progress (1): 751 kB
Progress (1): 755 kB
Progress (1): 759 kB
Progress (1): 763 kB
Progress (1): 768 kB
Progress (1): 772 kB
Progress (1): 776 kB
Progress (1): 780 kB
Progress (1): 784 kB
Progress (1): 788 kB
Progress (1): 792 kB
Progress (1): 796 kB
Progress (1): 800 kB
Progress (1): 804 kB
Progress (1): 808 kB
Progress (1): 813 kB
Progress (1): 817 kB
Progress (1): 821 kB
Progress (1): 825 kB
Progress (1): 829 kB
Progress (1): 833 kB
Progress (1): 837 kB
Progress (1): 841 kB
Progress (1): 845 kB
Progress (1): 849 kB
Progress (1): 854 kB
Progress (1): 858 kB
Progress (1): 862 kB
Progress (1): 866 kB
Progress (1): 870 kB
Progress (1): 874 kB
Progress (1): 878 kB
Progress (1): 882 kB
Progress (1): 886 kB
Progress (1): 890 kB
Progress (1): 894 kB
Progress (1): 899 kB
Progress (1): 903 kB
Progress (1): 907 kB
Progress (1): 911 kB
Progress (1): 915 kB
Progress (1): 919 kB
Progress (1): 923 kB
Progress (1): 927 kB
Progress (1): 931 kB
Progress (1): 935 kB
Progress (1): 940 kB
Progress (1): 944 kB
Progress (1): 948 kB
Progress (1): 952 kB
Progress (1): 956 kB
Progress (1): 960 kB
Progress (1): 964 kB
Progress (1): 968 kB
Progress (1): 972 kB
Progress (1): 976 kB
Progress (1): 980 kB
Progress (1): 985 kB
Progress (1): 989 kB
Progress (1): 993 kB
Progress (1): 997 kB
Progress (1): 1.0 MB
Progress (1): 1.0 MB
Progress (1): 1.0 MB
Progress (1): 1.0 MB
Progress (1): 1.0 MB
Progress (1): 1.0 MB
Progress (1): 1.0 MB
Progress (1): 1.0 MB
Progress (1): 1.0 MB
Progress (1): 1.0 MB
Progress (1): 1.0 MB
Progress (1): 1.0 MB
Progress (1): 1.1 MB
Progress (1): 1.1 MB
Progress (1): 1.1 MB
Progress (1): 1.1 MB
Progress (1): 1.1 MB
Progress (1): 1.1 MB
Progress (1): 1.1 MB
Progress (1): 1.1 MB
Progress (1): 1.1 MB
Progress (1): 1.1 MB
Progress (1): 1.1 MB
Progress (1): 1.1 MB
Progress (1): 1.1 MB
Progress (1): 1.1 MB
Progress (1): 1.1 MB
Progress (1): 1.1 MB
Progress (1): 1.1 MB
Progress (1): 1.1 MB
Progress (1): 1.1 MB
Progress (1): 1.1 MB
Progress (1): 1.1 MB
Progress (1): 1.1 MB
Progress (1): 1.1 MB
Progress (1): 1.1 MB
Progress (1): 1.1 MB
Progress (1): 1.2 MB
Progress (1): 1.2 MB
Progress (1): 1.2 MB
Progress (1): 1.2 MB
Progress (1): 1.2 MB
Progress (1): 1.2 MB
Progress (1): 1.2 MB
Progress (1): 1.2 MB
Progress (1): 1.2 MB
Progress (1): 1.2 MB
Progress (1): 1.2 MB
Progress (1): 1.2 MB
Progress (1): 1.2 MB
Progress (1): 1.2 MB
Progress (1): 1.2 MB
Progress (1): 1.2 MB
Progress (1): 1.2 MB
Progress (1): 1.2 MB
Progress (1): 1.2 MB
Progress (1): 1.2 MB
Progress (1): 1.2 MB
Progress (1): 1.2 MB
Progress (1): 1.2 MB
Progress (1): 1.2 MB
Progress (1): 1.3 MB
Progress (1): 1.3 MB
Progress (1): 1.3 MB
Progress (1): 1.3 MB
Progress (1): 1.3 MB
Progress (1): 1.3 MB
Progress (1): 1.3 MB
Progress (1): 1.3 MB
Progress (1): 1.3 MB
Progress (1): 1.3 MB
Progress (1): 1.3 MB
Progress (1): 1.3 MB
Progress (1): 1.3 MB
Progress (1): 1.3 MB
Progress (1): 1.3 MB
Progress (1): 1.3 MB
Progress (1): 1.3 MB
Progress (1): 1.3 MB
Progress (1): 1.3 MB
Progress (1): 1.3 MB
Progress (1): 1.3 MB
Progress (1): 1.3 MB
Progress (1): 1.3 MB
Progress (1): 1.3 MB
Progress (1): 1.3 MB
Progress (1): 1.4 MB
Progress (1): 1.4 MB
Progress (1): 1.4 MB
Progress (1): 1.4 MB
Progress (1): 1.4 MB
Progress (1): 1.4 MB
Progress (1): 1.4 MB
Progress (1): 1.4 MB
Progress (1): 1.4 MB
Progress (1): 1.4 MB
Progress (1): 1.4 MB
Progress (1): 1.4 MB
Progress (1): 1.4 MB
Progress (1): 1.4 MB
Progress (1): 1.4 MB
Progress (1): 1.4 MB
Progress (1): 1.4 MB
Progress (1): 1.4 MB
Progress (1): 1.4 MB
Progress (1): 1.4 MB
Progress (1): 1.4 MB
Progress (1): 1.4 MB
Progress (1): 1.4 MB
Progress (1): 1.4 MB
Progress (1): 1.5 MB
Progress (1): 1.5 MB
Progress (1): 1.5 MB
Progress (1): 1.5 MB
Progress (1): 1.5 MB
Progress (1): 1.5 MB
Progress (1): 1.5 MB
Progress (1): 1.5 MB
Progress (1): 1.5 MB
Progress (1): 1.5 MB
Progress (1): 1.5 MB
Progress (1): 1.5 MB
Progress (1): 1.5 MB
Progress (1): 1.5 MB
Progress (1): 1.5 MB
Progress (1): 1.5 MB
Progress (1): 1.5 MB
Progress (1): 1.5 MB
Progress (1): 1.5 MB
Progress (1): 1.5 MB
Progress (1): 1.5 MB
Progress (1): 1.5 MB
Progress (1): 1.5 MB
Progress (1): 1.5 MB
Progress (1): 1.5 MB
Progress (1): 1.6 MB
Progress (1): 1.6 MB
Progress (1): 1.6 MB
Progress (1): 1.6 MB
Progress (1): 1.6 MB
Progress (1): 1.6 MB
Progress (1): 1.6 MB
Progress (1): 1.6 MB
Progress (1): 1.6 MB
Progress (1): 1.6 MB
Progress (1): 1.6 MB
Progress (1): 1.6 MB
Progress (1): 1.6 MB
Progress (1): 1.6 MB
Progress (1): 1.6 MB
Progress (1): 1.6 MB
Progress (1): 1.6 MB
Progress (1): 1.6 MB
Progress (1): 1.6 MB
Progress (1): 1.6 MB
Progress (1): 1.6 MB
Progress (1): 1.6 MB
Progress (1): 1.6 MB
Progress (1): 1.6 MB
Progress (1): 1.7 MB
Progress (1): 1.7 MB
Progress (1): 1.7 MB
Progress (1): 1.7 MB
Progress (1): 1.7 MB
Progress (1): 1.7 MB
Progress (1): 1.7 MB
Progress (1): 1.7 MB
Progress (1): 1.7 MB
Progress (1): 1.7 MB
Progress (1): 1.7 MB
Progress (1): 1.7 MB
Progress (1): 1.7 MB
Progress (1): 1.7 MB
Progress (1): 1.7 MB
Progress (1): 1.7 MB
Progress (1): 1.7 MB
Progress (1): 1.7 MB
Progress (1): 1.7 MB
Progress (1): 1.7 MB
Progress (1): 1.7 MB
Progress (1): 1.7 MB
Progress (1): 1.7 MB
Progress (1): 1.7 MB
Progress (1): 1.7 MB
Progress (1): 1.8 MB
Progress (1): 1.8 MB
Progress (1): 1.8 MB
Progress (1): 1.8 MB
Progress (1): 1.8 MB
Progress (1): 1.8 MB
Progress (1): 1.8 MB
Progress (1): 1.8 MB
Progress (1): 1.8 MB
Progress (1): 1.8 MB
Progress (1): 1.8 MB
Progress (1): 1.8 MB
Progress (1): 1.8 MB
Progress (1): 1.8 MB
Progress (1): 1.8 MB
Progress (1): 1.8 MB
Progress (1): 1.8 MB
                    
Downloaded from aiban-tianyin-core: https://aiban-maven.pkg.coding.net/repository/tianyin/core/org/apache/logging/log4j/log4j-core/2.17.2/log4j-core-2.17.2.jar (1.8 MB at 2.3 MB/s)
[[1;34mINFO[m] 
[[1;34mINFO[m] [1m--- [0;32mmaven-clean-plugin:3.2.0:clean[m [1m(default-clean)[m @ [36mdisruptor-spring-boot-starter[0;1m ---[m
[[1;34mINFO[m] Deleting /Users/wandl/workspaces/workspace-ddd4j/workspace-ddd4j-boot-starters/disruptor-spring-boot-starter/target
[[1;34mINFO[m] 
[[1;34mINFO[m] [1m--- [0;32mmaven-enforcer-plugin:3.0.0:enforce[m [1m(default-cli)[m @ [36mdisruptor-spring-boot-starter[0;1m ---[m
[[1;34mINFO[m] 
[[1;34mINFO[m] [1m--- [0;32mmaven-resources-plugin:3.1.0:resources[m [1m(default-resources)[m @ [36mdisruptor-spring-boot-starter[0;1m ---[m
[[1;34mINFO[m] Using 'UTF-8' encoding to copy filtered resources.
[[1;34mINFO[m] Copying 0 resource
[[1;34mINFO[m] Copying 2 resources
[[1;34mINFO[m] 
[[1;34mINFO[m] [1m--- [0;32mmaven-compiler-plugin:3.10.1:compile[m [1m(default-compile)[m @ [36mdisruptor-spring-boot-starter[0;1m ---[m
[[1;34mINFO[m] Changes detected - recompiling the module!
[[1;34mINFO[m] Compiling 48 source files to /Users/wandl/workspaces/workspace-ddd4j/workspace-ddd4j-boot-starters/disruptor-spring-boot-starter/target/classes
[[1;34mINFO[m] /Users/wandl/workspaces/workspace-ddd4j/workspace-ddd4j-boot-starters/disruptor-spring-boot-starter/src/main/java/com/lmax/disruptor/spring/boot/util/StringUtils.java: /Users/wandl/workspaces/workspace-ddd4j/workspace-ddd4j-boot-starters/disruptor-spring-boot-starter/src/main/java/com/lmax/disruptor/spring/boot/util/StringUtils.javaõ¢┐þö¿µêûÞªåþøûõ║åÕÀ▓Þ┐çµùÂþÜä APIÒÇé
[[1;34mINFO[m] /Users/wandl/workspaces/workspace-ddd4j/workspace-ddd4j-boot-starters/disruptor-spring-boot-starter/src/main/java/com/lmax/disruptor/spring/boot/util/StringUtils.java: µ£ëÕà│Þ»ªþ╗åõ┐íµü», Þ»Àõ¢┐þö¿ -Xlint:deprecation Úçìµû░þ╝ûÞ»æÒÇé
[[1;34mINFO[m] /Users/wandl/workspaces/workspace-ddd4j/workspace-ddd4j-boot-starters/disruptor-spring-boot-starter/src/main/java/com/lmax/disruptor/spring/boot/context/DisruptorEventAwareProcessor.java: /Users/wandl/workspaces/workspace-ddd4j/workspace-ddd4j-boot-starters/disruptor-spring-boot-starter/src/main/java/com/lmax/disruptor/spring/boot/context/DisruptorEventAwareProcessor.java õ¢┐þö¿µêûÞªåþøûõ║åµáçÞ«░õ©║Õ¥àÕêáÚÖñþÜäÕÀ▓Þ┐çµùÂ APIÒÇé
[[1;34mINFO[m] /Users/wandl/workspaces/workspace-ddd4j/workspace-ddd4j-boot-starters/disruptor-spring-boot-starter/src/main/java/com/lmax/disruptor/spring/boot/context/DisruptorEventAwareProcessor.java: µ£ëÕà│Þ»ªþ╗åõ┐íµü», Þ»Àõ¢┐þö¿ -Xlint:removal Úçìµû░þ╝ûÞ»æÒÇé
[[1;34mINFO[m] 
[[1;34mINFO[m] [1m--- [0;32mmaven-resources-plugin:3.1.0:testResources[m [1m(default-testResources)[m @ [36mdisruptor-spring-boot-starter[0;1m ---[m
[[1;34mINFO[m] Not copying test resources
[[1;34mINFO[m] 
[[1;34mINFO[m] [1m--- [0;32mmaven-compiler-plugin:3.10.1:testCompile[m [1m(default-testCompile)[m @ [36mdisruptor-spring-boot-starter[0;1m ---[m
[[1;34mINFO[m] Not compiling test sources
[[1;34mINFO[m] 
[[1;34mINFO[m] [1m--- [0;32mmaven-surefire-plugin:2.22.1:test[m [1m(default-test)[m @ [36mdisruptor-spring-boot-starter[0;1m ---[m
[[1;34mINFO[m] Tests are skipped.
[[1;34mINFO[m] 
[[1;34mINFO[m] [1m--- [0;32mmaven-jar-plugin:3.1.1:jar[m [1m(default-jar)[m @ [36mdisruptor-spring-boot-starter[0;1m ---[m
[[1;34mINFO[m] Building jar: /Users/wandl/workspaces/workspace-ddd4j/workspace-ddd4j-boot-starters/disruptor-spring-boot-starter/target/disruptor-spring-boot-starter-2.7.x.20240823.RELEASE.jar
[[1;34mINFO[m] 
[[1;34mINFO[m] [1m--- [0;32mmaven-source-plugin:3.2.1:jar-no-fork[m [1m(attach-sources)[m @ [36mdisruptor-spring-boot-starter[0;1m ---[m
[[1;34mINFO[m] Building jar: /Users/wandl/workspaces/workspace-ddd4j/workspace-ddd4j-boot-starters/disruptor-spring-boot-starter/target/disruptor-spring-boot-starter-2.7.x.20240823.RELEASE-sources.jar
[[1;34mINFO[m] 
[[1;34mINFO[m] [1m--- [0;32mmaven-install-plugin:2.5.2:install[m [1m(default-install)[m @ [36mdisruptor-spring-boot-starter[0;1m ---[m
[[1;34mINFO[m] Installing /Users/wandl/workspaces/workspace-ddd4j/workspace-ddd4j-boot-starters/disruptor-spring-boot-starter/target/disruptor-spring-boot-starter-2.7.x.20240823.RELEASE.jar to /Users/wandl/.m2/repository/com/github/hiwepy/disruptor-spring-boot-starter/2.7.x.20240823.RELEASE/disruptor-spring-boot-starter-2.7.x.20240823.RELEASE.jar
[[1;34mINFO[m] Installing /Users/wandl/workspaces/workspace-ddd4j/workspace-ddd4j-boot-starters/disruptor-spring-boot-starter/pom.xml to /Users/wandl/.m2/repository/com/github/hiwepy/disruptor-spring-boot-starter/2.7.x.20240823.RELEASE/disruptor-spring-boot-starter-2.7.x.20240823.RELEASE.pom
[[1;34mINFO[m] Installing /Users/wandl/workspaces/workspace-ddd4j/workspace-ddd4j-boot-starters/disruptor-spring-boot-starter/target/disruptor-spring-boot-starter-2.7.x.20240823.RELEASE-sources.jar to /Users/wandl/.m2/repository/com/github/hiwepy/disruptor-spring-boot-starter/2.7.x.20240823.RELEASE/disruptor-spring-boot-starter-2.7.x.20240823.RELEASE-sources.jar
[[1;34mINFO[m] 
[[1;34mINFO[m] [1m--- [0;32mmaven-deploy-plugin:2.8.2:deploy[m [1m(default-deploy)[m @ [36mdisruptor-spring-boot-starter[0;1m ---[m
[[1;34mINFO[m] Using alternate deployment repository maven-releases::default::https://packages.aliyun.com/5fdc0afd99b59ba3c5ead757/maven/maven-releases
Uploading to maven-releases: https://packages.aliyun.com/5fdc0afd99b59ba3c5ead757/maven/maven-releases/com/github/hiwepy/disruptor-spring-boot-starter/2.7.x.20240823.RELEASE/disruptor-spring-boot-starter-2.7.x.20240823.RELEASE.jar
Progress (1): 4.1/82 kB
Progress (1): 8.2/82 kB
Progress (1): 12/82 kB 
Progress (1): 16/82 kB
Progress (1): 20/82 kB
Progress (1): 25/82 kB
Progress (1): 29/82 kB
Progress (1): 33/82 kB
Progress (1): 37/82 kB
Progress (1): 41/82 kB
Progress (1): 45/82 kB
Progress (1): 49/82 kB
Progress (1): 53/82 kB
Progress (1): 57/82 kB
Progress (1): 61/82 kB
Progress (1): 66/82 kB
Progress (1): 70/82 kB
Progress (1): 74/82 kB
Progress (1): 78/82 kB
Progress (1): 82/82 kB
Progress (1): 82 kB   
                   
Uploaded to maven-releases: https://packages.aliyun.com/5fdc0afd99b59ba3c5ead757/maven/maven-releases/com/github/hiwepy/disruptor-spring-boot-starter/2.7.x.20240823.RELEASE/disruptor-spring-boot-starter-2.7.x.20240823.RELEASE.jar (82 kB at 66 kB/s)
Uploading to maven-releases: https://packages.aliyun.com/5fdc0afd99b59ba3c5ead757/maven/maven-releases/com/github/hiwepy/disruptor-spring-boot-starter/2.7.x.20240823.RELEASE/disruptor-spring-boot-starter-2.7.x.20240823.RELEASE.pom
Progress (1): 4.1/17 kB
Progress (1): 8.2/17 kB
Progress (1): 12/17 kB 
Progress (1): 16/17 kB
Progress (1): 17 kB   
                   
Uploaded to maven-releases: https://packages.aliyun.com/5fdc0afd99b59ba3c5ead757/maven/maven-releases/com/github/hiwepy/disruptor-spring-boot-starter/2.7.x.20240823.RELEASE/disruptor-spring-boot-starter-2.7.x.20240823.RELEASE.pom (17 kB at 18 kB/s)
Downloading from maven-releases: https://packages.aliyun.com/5fdc0afd99b59ba3c5ead757/maven/maven-releases/com/github/hiwepy/disruptor-spring-boot-starter/maven-metadata.xml
Progress (1): 360 B
                   
Downloaded from maven-releases: https://packages.aliyun.com/5fdc0afd99b59ba3c5ead757/maven/maven-releases/com/github/hiwepy/disruptor-spring-boot-starter/maven-metadata.xml (360 B at 1.9 kB/s)
Uploading to maven-releases: https://packages.aliyun.com/5fdc0afd99b59ba3c5ead757/maven/maven-releases/com/github/hiwepy/disruptor-spring-boot-starter/maven-metadata.xml
Progress (1): 408 B
                   
Uploaded to maven-releases: https://packages.aliyun.com/5fdc0afd99b59ba3c5ead757/maven/maven-releases/com/github/hiwepy/disruptor-spring-boot-starter/maven-metadata.xml (408 B at 459 B/s)
Uploading to maven-releases: https://packages.aliyun.com/5fdc0afd99b59ba3c5ead757/maven/maven-releases/com/github/hiwepy/disruptor-spring-boot-starter/2.7.x.20240823.RELEASE/disruptor-spring-boot-starter-2.7.x.20240823.RELEASE-sources.jar
Progress (1): 4.1/66 kB
Progress (1): 8.2/66 kB
Progress (1): 12/66 kB 
Progress (1): 16/66 kB
Progress (1): 20/66 kB
Progress (1): 25/66 kB
Progress (1): 29/66 kB
Progress (1): 33/66 kB
Progress (1): 37/66 kB
Progress (1): 41/66 kB
Progress (1): 45/66 kB
Progress (1): 49/66 kB
Progress (1): 53/66 kB
Progress (1): 57/66 kB
Progress (1): 61/66 kB
Progress (1): 66 kB   
                   
Uploaded to maven-releases: https://packages.aliyun.com/5fdc0afd99b59ba3c5ead757/maven/maven-releases/com/github/hiwepy/disruptor-spring-boot-starter/2.7.x.20240823.RELEASE/disruptor-spring-boot-starter-2.7.x.20240823.RELEASE-sources.jar (66 kB at 70 kB/s)
[[1;34mINFO[m] [1m------------------------------------------------------------------------[m
[[1;34mINFO[m] [1;32mBUILD SUCCESS[m
[[1;34mINFO[m] [1m------------------------------------------------------------------------[m
[[1;34mINFO[m] Total time:  9.355 s
[[1;34mINFO[m] Finished at: 2026-03-16T13:56:06+08:00
[[1;34mINFO[m] [1m------------------------------------------------------------------------[m
[disruptor-spring-boot-starter/2.7.x] µêÉÕèƒ
[[1;34mINFO[m] Scanning for projects...
[[1;34mINFO[m] 
[[1;34mINFO[m] [1m----------< [0;36mio.github.hiwepy:disruptor-spring-boot-starter[0;1m >-----------[m
[[1;34mINFO[m] [1mBuilding io.github.hiwepy:disruptor-spring-boot-starter 3.0.x.20251227-SNAPSHOT[m
[[1;34mINFO[m] [1m--------------------------------[ jar ]---------------------------------[m
Downloading from aiban-tianyin-core: https://aiban-maven.pkg.coding.net/repository/tianyin/core/org/apache/commons/commons-collections4/4.5.0-M2/commons-collections4-4.5.0-M2.pom
Downloaded from aiban-tianyin-core: https://aiban-maven.pkg.coding.net/repository/tianyin/core/org/apache/commons/commons-collections4/4.5.0-M2/commons-collections4-4.5.0-M2.pom (0 B at 0 B/s)
[[1;34mINFO[m] 
[[1;34mINFO[m] [1m--- [0;32mmaven-clean-plugin:3.4.0:clean[m [1m(default-clean)[m @ [36mdisruptor-spring-boot-starter[0;1m ---[m
[[1;34mINFO[m] Deleting /Users/wandl/workspaces/workspace-ddd4j/workspace-ddd4j-boot-starters/disruptor-spring-boot-starter/target
[[1;34mINFO[m] 
[[1;34mINFO[m] [1m--- [0;32mmaven-enforcer-plugin:3.5.0:enforce[m [1m(default-cli)[m @ [36mdisruptor-spring-boot-starter[0;1m ---[m
[[1;34mINFO[m] Rule 1: org.apache.maven.enforcer.rules.version.RequireJavaVersion passed
[[1;34mINFO[m] [1m------------------------------------------------------------------------[m
[[1;34mINFO[m] [1;31mBUILD FAILURE[m
[[1;34mINFO[m] [1m------------------------------------------------------------------------[m
[[1;34mINFO[m] Total time:  1.022 s
[[1;34mINFO[m] Finished at: 2026-03-16T13:56:07+08:00
[[1;34mINFO[m] [1m------------------------------------------------------------------------[m
[[1;31mERROR[m] Failed to execute goal [32morg.apache.maven.plugins:maven-enforcer-plugin:3.5.0:enforce[m [1m(default-cli)[m on project [36mdisruptor-spring-boot-starter[m: [1;31m[m
[[1;31mERROR[m] [1;31mRule 0: org.apache.maven.enforcer.rules.version.RequireMavenVersion failed with message:[m
[[1;31mERROR[m] [1;31mYou are running an older version of Maven. This application requires at least Maven 3.9.9.[m
[[1;31mERROR[m] -> [1m[Help 1][m
[[1;31mERROR[m] 
[[1;31mERROR[m] To see the full stack trace of the errors, re-run Maven with the [1m-e[m switch.
[[1;31mERROR[m] Re-run Maven using the [1m-X[m switch to enable full debug logging.
[[1;31mERROR[m] 
[[1;31mERROR[m] For more information about the errors and possible solutions, please read the following articles:
[[1;31mERROR[m] [1m[Help 1][m http://cwiki.apache.org/confluence/display/MAVEN/MojoExecutionException
[disruptor-spring-boot-starter/3.0.x] Õñ▒Þ┤Ñ - µƒÑþ£ïµùÑÕ┐ù
[[1;34mINFO[m] Scanning for projects...
[[1;34mINFO[m] 
[[1;34mINFO[m] [1m----------< [0;36mio.github.hiwepy:disruptor-spring-boot-starter[0;1m >-----------[m
[[1;34mINFO[m] [1mBuilding io.github.hiwepy:disruptor-spring-boot-starter 3.1.x.20251227-SNAPSHOT[m
[[1;34mINFO[m] [1m--------------------------------[ jar ]---------------------------------[m
[[1;34mINFO[m] 
[[1;34mINFO[m] [1m--- [0;32mmaven-clean-plugin:3.4.0:clean[m [1m(default-clean)[m @ [36mdisruptor-spring-boot-starter[0;1m ---[m
[[1;34mINFO[m] 
[[1;34mINFO[m] [1m--- [0;32mmaven-enforcer-plugin:3.5.0:enforce[m [1m(default-cli)[m @ [36mdisruptor-spring-boot-starter[0;1m ---[m
[[1;34mINFO[m] Rule 1: org.apache.maven.enforcer.rules.version.RequireJavaVersion passed
[[1;34mINFO[m] [1m------------------------------------------------------------------------[m
[[1;34mINFO[m] [1;31mBUILD FAILURE[m
[[1;34mINFO[m] [1m------------------------------------------------------------------------[m
[[1;34mINFO[m] Total time:  0.301 s
[[1;34mINFO[m] Finished at: 2026-03-16T13:56:08+08:00
[[1;34mINFO[m] [1m------------------------------------------------------------------------[m
[[1;31mERROR[m] Failed to execute goal [32morg.apache.maven.plugins:maven-enforcer-plugin:3.5.0:enforce[m [1m(default-cli)[m on project [36mdisruptor-spring-boot-starter[m: [1;31m[m
[[1;31mERROR[m] [1;31mRule 0: org.apache.maven.enforcer.rules.version.RequireMavenVersion failed with message:[m
[[1;31mERROR[m] [1;31mYou are running an older version of Maven. This application requires at least Maven 3.9.9.[m
[[1;31mERROR[m] -> [1m[Help 1][m
[[1;31mERROR[m] 
[[1;31mERROR[m] To see the full stack trace of the errors, re-run Maven with the [1m-e[m switch.
[[1;31mERROR[m] Re-run Maven using the [1m-X[m switch to enable full debug logging.
[[1;31mERROR[m] 
[[1;31mERROR[m] For more information about the errors and possible solutions, please read the following articles:
[[1;31mERROR[m] [1m[Help 1][m http://cwiki.apache.org/confluence/display/MAVEN/MojoExecutionException
[disruptor-spring-boot-starter/3.1.x] Õñ▒Þ┤Ñ - µƒÑþ£ïµùÑÕ┐ù
[[1;34mINFO[m] Scanning for projects...
[[1;34mINFO[m] 
[[1;34mINFO[m] [1m----------< [0;36mio.github.hiwepy:disruptor-spring-boot-starter[0;1m >-----------[m
[[1;34mINFO[m] [1mBuilding io.github.hiwepy:disruptor-spring-boot-starter 3.2.x.20251227-SNAPSHOT[m
[[1;34mINFO[m] [1m--------------------------------[ jar ]---------------------------------[m
[[1;34mINFO[m] 
[[1;34mINFO[m] [1m--- [0;32mmaven-clean-plugin:3.4.0:clean[m [1m(default-clean)[m @ [36mdisruptor-spring-boot-starter[0;1m ---[m
[[1;34mINFO[m] 
[[1;34mINFO[m] [1m--- [0;32mmaven-enforcer-plugin:3.5.0:enforce[m [1m(default-cli)[m @ [36mdisruptor-spring-boot-starter[0;1m ---[m
[[1;34mINFO[m] Rule 1: org.apache.maven.enforcer.rules.version.RequireJavaVersion passed
[[1;34mINFO[m] [1m------------------------------------------------------------------------[m
[[1;34mINFO[m] [1;31mBUILD FAILURE[m
[[1;34mINFO[m] [1m------------------------------------------------------------------------[m
[[1;34mINFO[m] Total time:  0.322 s
[[1;34mINFO[m] Finished at: 2026-03-16T13:56:09+08:00
[[1;34mINFO[m] [1m------------------------------------------------------------------------[m
[[1;31mERROR[m] Failed to execute goal [32morg.apache.maven.plugins:maven-enforcer-plugin:3.5.0:enforce[m [1m(default-cli)[m on project [36mdisruptor-spring-boot-starter[m: [1;31m[m
[[1;31mERROR[m] [1;31mRule 0: org.apache.maven.enforcer.rules.version.RequireMavenVersion failed with message:[m
[[1;31mERROR[m] [1;31mYou are running an older version of Maven. This application requires at least Maven 3.9.9.[m
[[1;31mERROR[m] -> [1m[Help 1][m
[[1;31mERROR[m] 
[[1;31mERROR[m] To see the full stack trace of the errors, re-run Maven with the [1m-e[m switch.
[[1;31mERROR[m] Re-run Maven using the [1m-X[m switch to enable full debug logging.
[[1;31mERROR[m] 
[[1;31mERROR[m] For more information about the errors and possible solutions, please read the following articles:
[[1;31mERROR[m] [1m[Help 1][m http://cwiki.apache.org/confluence/display/MAVEN/MojoExecutionException
[disruptor-spring-boot-starter/3.2.x] Õñ▒Þ┤Ñ - µƒÑþ£ïµùÑÕ┐ù
[[1;34mINFO[m] Scanning for projects...
[[1;34mINFO[m] 
[[1;34mINFO[m] [1m----------< [0;36mio.github.hiwepy:disruptor-spring-boot-starter[0;1m >-----------[m
[[1;34mINFO[m] [1mBuilding io.github.hiwepy:disruptor-spring-boot-starter 3.3.x.20251227-SNAPSHOT[m
[[1;34mINFO[m] [1m--------------------------------[ jar ]---------------------------------[m
[[1;34mINFO[m] 
[[1;34mINFO[m] [1m--- [0;32mmaven-clean-plugin:3.4.0:clean[m [1m(default-clean)[m @ [36mdisruptor-spring-boot-starter[0;1m ---[m
[[1;34mINFO[m] 
[[1;34mINFO[m] [1m--- [0;32mmaven-enforcer-plugin:3.5.0:enforce[m [1m(default-cli)[m @ [36mdisruptor-spring-boot-starter[0;1m ---[m
[[1;34mINFO[m] Rule 1: org.apache.maven.enforcer.rules.version.RequireJavaVersion passed
[[1;34mINFO[m] [1m------------------------------------------------------------------------[m
[[1;34mINFO[m] [1;31mBUILD FAILURE[m
[[1;34mINFO[m] [1m------------------------------------------------------------------------[m
[[1;34mINFO[m] Total time:  0.336 s
[[1;34mINFO[m] Finished at: 2026-03-16T13:56:10+08:00
[[1;34mINFO[m] [1m------------------------------------------------------------------------[m
[[1;31mERROR[m] Failed to execute goal [32morg.apache.maven.plugins:maven-enforcer-plugin:3.5.0:enforce[m [1m(default-cli)[m on project [36mdisruptor-spring-boot-starter[m: [1;31m[m
[[1;31mERROR[m] [1;31mRule 0: org.apache.maven.enforcer.rules.version.RequireMavenVersion failed with message:[m
[[1;31mERROR[m] [1;31mYou are running an older version of Maven. This application requires at least Maven 3.9.9.[m
[[1;31mERROR[m] -> [1m[Help 1][m
[[1;31mERROR[m] 
[[1;31mERROR[m] To see the full stack trace of the errors, re-run Maven with the [1m-e[m switch.
[[1;31mERROR[m] Re-run Maven using the [1m-X[m switch to enable full debug logging.
[[1;31mERROR[m] 
[[1;31mERROR[m] For more information about the errors and possible solutions, please read the following articles:
[[1;31mERROR[m] [1m[Help 1][m http://cwiki.apache.org/confluence/display/MAVEN/MojoExecutionException
[disruptor-spring-boot-starter/3.3.x] Õñ▒Þ┤Ñ - µƒÑþ£ïµùÑÕ┐ù
[[1;34mINFO[m] Scanning for projects...
[[1;34mINFO[m] 
[[1;34mINFO[m] [1m----------< [0;36mio.github.hiwepy:disruptor-spring-boot-starter[0;1m >-----------[m
[[1;34mINFO[m] [1mBuilding io.github.hiwepy:disruptor-spring-boot-starter 3.4.x.20251227-SNAPSHOT[m
[[1;34mINFO[m] [1m--------------------------------[ jar ]---------------------------------[m
[[1;34mINFO[m] 
[[1;34mINFO[m] [1m--- [0;32mmaven-clean-plugin:3.4.0:clean[m [1m(default-clean)[m @ [36mdisruptor-spring-boot-starter[0;1m ---[m
[[1;34mINFO[m] 
[[1;34mINFO[m] [1m--- [0;32mmaven-enforcer-plugin:3.5.0:enforce[m [1m(default-cli)[m @ [36mdisruptor-spring-boot-starter[0;1m ---[m
[[1;34mINFO[m] Rule 1: org.apache.maven.enforcer.rules.version.RequireJavaVersion passed
[[1;34mINFO[m] [1m------------------------------------------------------------------------[m
[[1;34mINFO[m] [1;31mBUILD FAILURE[m
[[1;34mINFO[m] [1m------------------------------------------------------------------------[m
[[1;34mINFO[m] Total time:  0.336 s
[[1;34mINFO[m] Finished at: 2026-03-16T13:56:10+08:00
[[1;34mINFO[m] [1m------------------------------------------------------------------------[m
[[1;31mERROR[m] Failed to execute goal [32morg.apache.maven.plugins:maven-enforcer-plugin:3.5.0:enforce[m [1m(default-cli)[m on project [36mdisruptor-spring-boot-starter[m: [1;31m[m
[[1;31mERROR[m] [1;31mRule 0: org.apache.maven.enforcer.rules.version.RequireMavenVersion failed with message:[m
[[1;31mERROR[m] [1;31mYou are running an older version of Maven. This application requires at least Maven 3.9.9.[m
[[1;31mERROR[m] -> [1m[Help 1][m
[[1;31mERROR[m] 
[[1;31mERROR[m] To see the full stack trace of the errors, re-run Maven with the [1m-e[m switch.
[[1;31mERROR[m] Re-run Maven using the [1m-X[m switch to enable full debug logging.
[[1;31mERROR[m] 
[[1;31mERROR[m] For more information about the errors and possible solutions, please read the following articles:
[[1;31mERROR[m] [1m[Help 1][m http://cwiki.apache.org/confluence/display/MAVEN/MojoExecutionException
[disruptor-spring-boot-starter/3.4.x] Õñ▒Þ┤Ñ - µƒÑþ£ïµùÑÕ┐ù
[[1;34mINFO[m] Scanning for projects...
[[1;34mINFO[m] 
[[1;34mINFO[m] [1m----------< [0;36mio.github.hiwepy:disruptor-spring-boot-starter[0;1m >-----------[m
[[1;34mINFO[m] [1mBuilding io.github.hiwepy:disruptor-spring-boot-starter 3.5.x.20251227-SNAPSHOT[m
[[1;34mINFO[m] [1m--------------------------------[ jar ]---------------------------------[m
[[1;34mINFO[m] 
[[1;34mINFO[m] [1m--- [0;32mmaven-clean-plugin:3.4.0:clean[m [1m(default-clean)[m @ [36mdisruptor-spring-boot-starter[0;1m ---[m
[[1;34mINFO[m] 
[[1;34mINFO[m] [1m--- [0;32mmaven-enforcer-plugin:3.5.0:enforce[m [1m(default-cli)[m @ [36mdisruptor-spring-boot-starter[0;1m ---[m
[[1;34mINFO[m] Rule 1: org.apache.maven.enforcer.rules.version.RequireJavaVersion passed
[[1;34mINFO[m] [1m------------------------------------------------------------------------[m
[[1;34mINFO[m] [1;31mBUILD FAILURE[m
[[1;34mINFO[m] [1m------------------------------------------------------------------------[m
[[1;34mINFO[m] Total time:  0.355 s
[[1;34mINFO[m] Finished at: 2026-03-16T13:56:11+08:00
[[1;34mINFO[m] [1m------------------------------------------------------------------------[m
[[1;31mERROR[m] Failed to execute goal [32morg.apache.maven.plugins:maven-enforcer-plugin:3.5.0:enforce[m [1m(default-cli)[m on project [36mdisruptor-spring-boot-starter[m: [1;31m[m
[[1;31mERROR[m] [1;31mRule 0: org.apache.maven.enforcer.rules.version.RequireMavenVersion failed with message:[m
[[1;31mERROR[m] [1;31mYou are running an older version of Maven. This application requires at least Maven 3.9.9.[m
[[1;31mERROR[m] -> [1m[Help 1][m
[[1;31mERROR[m] 
[[1;31mERROR[m] To see the full stack trace of the errors, re-run Maven with the [1m-e[m switch.
[[1;31mERROR[m] Re-run Maven using the [1m-X[m switch to enable full debug logging.
[[1;31mERROR[m] 
[[1;31mERROR[m] For more information about the errors and possible solutions, please read the following articles:
[[1;31mERROR[m] [1m[Help 1][m http://cwiki.apache.org/confluence/display/MAVEN/MojoExecutionException
[disruptor-spring-boot-starter/3.5.x] Õñ▒Þ┤Ñ - µƒÑþ£ïµùÑÕ┐ù
[[1;34mINFO[m] Scanning for projects...
[[1;34mINFO[m] 
[[1;34mINFO[m] [1m----------< [0;36mio.github.hiwepy:disruptor-spring-boot-starter[0;1m >-----------[m
[[1;34mINFO[m] [1mBuilding io.github.hiwepy:disruptor-spring-boot-starter 4.0.x.20251227-SNAPSHOT[m
[[1;34mINFO[m] [1m--------------------------------[ jar ]---------------------------------[m
[[1;34mINFO[m] 
[[1;34mINFO[m] [1m--- [0;32mmaven-clean-plugin:3.4.0:clean[m [1m(default-clean)[m @ [36mdisruptor-spring-boot-starter[0;1m ---[m
[[1;34mINFO[m] 
[[1;34mINFO[m] [1m--- [0;32mmaven-enforcer-plugin:3.5.0:enforce[m [1m(default-cli)[m @ [36mdisruptor-spring-boot-starter[0;1m ---[m
[[1;34mINFO[m] Rule 1: org.apache.maven.enforcer.rules.version.RequireJavaVersion passed
[[1;34mINFO[m] [1m------------------------------------------------------------------------[m
[[1;34mINFO[m] [1;31mBUILD FAILURE[m
[[1;34mINFO[m] [1m------------------------------------------------------------------------[m
[[1;34mINFO[m] Total time:  0.285 s
[[1;34mINFO[m] Finished at: 2026-03-16T13:56:12+08:00
[[1;34mINFO[m] [1m------------------------------------------------------------------------[m
[[1;31mERROR[m] Failed to execute goal [32morg.apache.maven.plugins:maven-enforcer-plugin:3.5.0:enforce[m [1m(default-cli)[m on project [36mdisruptor-spring-boot-starter[m: [1;31m[m
[[1;31mERROR[m] [1;31mRule 0: org.apache.maven.enforcer.rules.version.RequireMavenVersion failed with message:[m
[[1;31mERROR[m] [1;31mYou are running an older version of Maven. This application requires at least Maven 3.9.9.[m
[[1;31mERROR[m] -> [1m[Help 1][m
[[1;31mERROR[m] 
[[1;31mERROR[m] To see the full stack trace of the errors, re-run Maven with the [1m-e[m switch.
[[1;31mERROR[m] Re-run Maven using the [1m-X[m switch to enable full debug logging.
[[1;31mERROR[m] 
[[1;31mERROR[m] For more information about the errors and possible solutions, please read the following articles:
[[1;31mERROR[m] [1m[Help 1][m http://cwiki.apache.org/confluence/display/MAVEN/MojoExecutionException
[disruptor-spring-boot-starter/4.0.x] Õñ▒Þ┤Ñ - µƒÑþ£ïµùÑÕ┐ù
[[1;34mINFO[m] Scanning for projects...
[[1;34mINFO[m] 
[[1;34mINFO[m] [1m----------< [0;36mio.github.hiwepy:disruptor-spring-boot-starter[0;1m >-----------[m
[[1;34mINFO[m] [1mBuilding io.github.hiwepy:disruptor-spring-boot-starter 2.0.1-SNAPSHOT[m
[[1;34mINFO[m] [1m--------------------------------[ jar ]---------------------------------[m
Downloading from aiban-tianyin-core: https://aiban-maven.pkg.coding.net/repository/tianyin/core/org/springframework/boot/spring-boot-starter-log4j2/2.6.0/spring-boot-starter-log4j2-2.6.0.pom
Progress (1): 2.6 kB
Progress (1): 2.7 kB
                    
Downloaded from aiban-tianyin-core: https://aiban-maven.pkg.coding.net/repository/tianyin/core/org/springframework/boot/spring-boot-starter-log4j2/2.6.0/spring-boot-starter-log4j2-2.6.0.pom (2.7 kB at 2.5 kB/s)
Downloading from aiban-tianyin-core: https://aiban-maven.pkg.coding.net/repository/tianyin/core/org/apache/logging/log4j/log4j-slf4j-impl/2.14.1/log4j-slf4j-impl-2.14.1.pom
Progress (1): 4.1 kB
Progress (1): 8.2 kB
Progress (1): 12 kB 
                   
Downloaded from aiban-tianyin-core: https://aiban-maven.pkg.coding.net/repository/tianyin/core/org/apache/logging/log4j/log4j-slf4j-impl/2.14.1/log4j-slf4j-impl-2.14.1.pom (12 kB at 33 kB/s)
Downloading from aiban-tianyin-core: https://aiban-maven.pkg.coding.net/repository/tianyin/core/org/apache/logging/log4j/log4j-core/2.14.1/log4j-core-2.14.1.pom
Progress (1): 3.8 kB
Progress (1): 7.9 kB
Progress (1): 11 kB 
Progress (1): 14 kB
Progress (1): 18 kB
Progress (1): 22 kB
Progress (1): 23 kB
                   
Downloaded from aiban-tianyin-core: https://aiban-maven.pkg.coding.net/repository/tianyin/core/org/apache/logging/log4j/log4j-core/2.14.1/log4j-core-2.14.1.pom (23 kB at 58 kB/s)
Downloading from aiban-tianyin-core: https://aiban-maven.pkg.coding.net/repository/tianyin/core/org/apache/logging/log4j/log4j-jul/2.14.1/log4j-jul-2.14.1.pom
Progress (1): 3.9 kB
Progress (1): 6.7 kB
Progress (1): 7.7 kB
                    
Downloaded from aiban-tianyin-core: https://aiban-maven.pkg.coding.net/repository/tianyin/core/org/apache/logging/log4j/log4j-jul/2.14.1/log4j-jul-2.14.1.pom (7.7 kB at 12 kB/s)
Downloading from aiban-tianyin-core: https://aiban-maven.pkg.coding.net/repository/tianyin/core/org/springframework/boot/spring-boot-starter-log4j2/2.6.0/spring-boot-starter-log4j2-2.6.0.jar
Downloading from aiban-tianyin-core: https://aiban-maven.pkg.coding.net/repository/tianyin/core/org/slf4j/jul-to-slf4j/1.7.32/jul-to-slf4j-1.7.32.jar
Downloading from aiban-tianyin-core: https://aiban-maven.pkg.coding.net/repository/tianyin/core/org/apache/logging/log4j/log4j-jul/2.14.1/log4j-jul-2.14.1.jar
Downloading from aiban-tianyin-core: https://aiban-maven.pkg.coding.net/repository/tianyin/core/org/apache/logging/log4j/log4j-core/2.14.1/log4j-core-2.14.1.jar
Downloading from aiban-tianyin-core: https://aiban-maven.pkg.coding.net/repository/tianyin/core/org/apache/logging/log4j/log4j-slf4j-impl/2.14.1/log4j-slf4j-impl-2.14.1.jar
Progress (1): 3.9 kB
Progress (1): 4.6 kB
Progress (2): 4.6 kB | 2.6 kB
Progress (2): 4.6 kB | 5.4 kB
Progress (2): 4.6 kB | 9.5 kB
Progress (2): 4.6 kB | 14 kB 
Progress (2): 4.6 kB | 17 kB
Progress (2): 4.6 kB | 19 kB
Progress (2): 4.6 kB | 23 kB
Progress (2): 4.6 kB | 24 kB
                            
Downloaded from aiban-tianyin-core: https://aiban-maven.pkg.coding.net/repository/tianyin/core/org/slf4j/jul-to-slf4j/1.7.32/jul-to-slf4j-1.7.32.jar (4.6 kB at 8.9 kB/s)
Progress (2): 24 kB | 4.1 kB
Progress (2): 24 kB | 4.8 kB
Progress (3): 24 kB | 4.8 kB | 4.0 kB
Progress (3): 24 kB | 4.8 kB | 8.1 kB
Progress (3): 24 kB | 4.8 kB | 12 kB 
Progress (3): 24 kB | 4.8 kB | 15 kB
                                    
Downloaded from aiban-tianyin-core: https://aiban-maven.pkg.coding.net/repository/tianyin/core/org/apache/logging/log4j/log4j-slf4j-impl/2.14.1/log4j-slf4j-impl-2.14.1.jar (24 kB at 38 kB/s)
Progress (2): 4.8 kB | 18 kB
Progress (2): 4.8 kB | 22 kB
Progress (2): 4.8 kB | 26 kB
Progress (2): 4.8 kB | 26 kB
                            
Downloaded from aiban-tianyin-core: https://aiban-maven.pkg.coding.net/repository/tianyin/core/org/springframework/boot/spring-boot-starter-log4j2/2.6.0/spring-boot-starter-log4j2-2.6.0.jar (4.8 kB at 5.9 kB/s)
Downloaded from aiban-tianyin-core: https://aiban-maven.pkg.coding.net/repository/tianyin/core/org/apache/logging/log4j/log4j-jul/2.14.1/log4j-jul-2.14.1.jar (26 kB at 31 kB/s)
Progress (1): 4.1 kB
Progress (1): 8.2 kB
Progress (1): 11 kB 
Progress (1): 14 kB
Progress (1): 18 kB
Progress (1): 21 kB
Progress (1): 25 kB
Progress (1): 29 kB
Progress (1): 33 kB
Progress (1): 37 kB
Progress (1): 41 kB
Progress (1): 45 kB
Progress (1): 49 kB
Progress (1): 52 kB
Progress (1): 54 kB
Progress (1): 58 kB
Progress (1): 62 kB
Progress (1): 66 kB
Progress (1): 70 kB
Progress (1): 74 kB
Progress (1): 79 kB
Progress (1): 83 kB
Progress (1): 87 kB
Progress (1): 91 kB
Progress (1): 95 kB
Progress (1): 99 kB
Progress (1): 103 kB
Progress (1): 107 kB
Progress (1): 111 kB
Progress (1): 115 kB
Progress (1): 119 kB
Progress (1): 124 kB
Progress (1): 128 kB
Progress (1): 132 kB
Progress (1): 136 kB
Progress (1): 140 kB
Progress (1): 144 kB
Progress (1): 148 kB
Progress (1): 152 kB
Progress (1): 156 kB
Progress (1): 160 kB
Progress (1): 165 kB
Progress (1): 169 kB
Progress (1): 173 kB
Progress (1): 177 kB
Progress (1): 181 kB
Progress (1): 185 kB
Progress (1): 189 kB
Progress (1): 193 kB
Progress (1): 197 kB
Progress (1): 201 kB
Progress (1): 206 kB
Progress (1): 210 kB
Progress (1): 214 kB
Progress (1): 218 kB
Progress (1): 222 kB
Progress (1): 226 kB
Progress (1): 230 kB
Progress (1): 234 kB
Progress (1): 238 kB
Progress (1): 242 kB
Progress (1): 246 kB
Progress (1): 251 kB
Progress (1): 255 kB
Progress (1): 259 kB
Progress (1): 263 kB
Progress (1): 267 kB
Progress (1): 271 kB
Progress (1): 275 kB
Progress (1): 279 kB
Progress (1): 283 kB
Progress (1): 287 kB
Progress (1): 292 kB
Progress (1): 296 kB
Progress (1): 300 kB
Progress (1): 304 kB
Progress (1): 308 kB
Progress (1): 312 kB
Progress (1): 316 kB
Progress (1): 320 kB
Progress (1): 324 kB
Progress (1): 328 kB
Progress (1): 332 kB
Progress (1): 337 kB
Progress (1): 341 kB
Progress (1): 345 kB
Progress (1): 349 kB
Progress (1): 353 kB
Progress (1): 357 kB
Progress (1): 361 kB
Progress (1): 365 kB
Progress (1): 369 kB
Progress (1): 373 kB
Progress (1): 378 kB
Progress (1): 382 kB
Progress (1): 386 kB
Progress (1): 390 kB
Progress (1): 394 kB
Progress (1): 398 kB
Progress (1): 402 kB
Progress (1): 406 kB
Progress (1): 410 kB
Progress (1): 414 kB
Progress (1): 418 kB
Progress (1): 423 kB
Progress (1): 427 kB
Progress (1): 431 kB
Progress (1): 435 kB
Progress (1): 439 kB
Progress (1): 443 kB
Progress (1): 447 kB
Progress (1): 451 kB
Progress (1): 455 kB
Progress (1): 459 kB
Progress (1): 464 kB
Progress (1): 468 kB
Progress (1): 472 kB
Progress (1): 476 kB
Progress (1): 480 kB
Progress (1): 484 kB
Progress (1): 488 kB
Progress (1): 492 kB
Progress (1): 496 kB
Progress (1): 500 kB
Progress (1): 505 kB
Progress (1): 509 kB
Progress (1): 513 kB
Progress (1): 517 kB
Progress (1): 521 kB
Progress (1): 525 kB
Progress (1): 529 kB
Progress (1): 533 kB
Progress (1): 537 kB
Progress (1): 541 kB
Progress (1): 545 kB
Progress (1): 550 kB
Progress (1): 554 kB
Progress (1): 558 kB
Progress (1): 562 kB
Progress (1): 566 kB
Progress (1): 570 kB
Progress (1): 574 kB
Progress (1): 578 kB
Progress (1): 582 kB
Progress (1): 586 kB
Progress (1): 591 kB
Progress (1): 595 kB
Progress (1): 599 kB
Progress (1): 603 kB
Progress (1): 607 kB
Progress (1): 611 kB
Progress (1): 615 kB
Progress (1): 619 kB
Progress (1): 623 kB
Progress (1): 627 kB
Progress (1): 631 kB
Progress (1): 636 kB
Progress (1): 640 kB
Progress (1): 644 kB
Progress (1): 648 kB
Progress (1): 652 kB
Progress (1): 656 kB
Progress (1): 660 kB
Progress (1): 664 kB
Progress (1): 668 kB
Progress (1): 672 kB
Progress (1): 677 kB
Progress (1): 681 kB
Progress (1): 685 kB
Progress (1): 689 kB
Progress (1): 693 kB
Progress (1): 697 kB
Progress (1): 701 kB
Progress (1): 705 kB
Progress (1): 709 kB
Progress (1): 713 kB
Progress (1): 718 kB
Progress (1): 722 kB
Progress (1): 726 kB
Progress (1): 730 kB
Progress (1): 734 kB
Progress (1): 738 kB
Progress (1): 742 kB
Progress (1): 746 kB
Progress (1): 750 kB
Progress (1): 754 kB
Progress (1): 758 kB
Progress (1): 763 kB
Progress (1): 767 kB
Progress (1): 771 kB
Progress (1): 775 kB
Progress (1): 779 kB
Progress (1): 783 kB
Progress (1): 787 kB
Progress (1): 791 kB
Progress (1): 795 kB
Progress (1): 799 kB
Progress (1): 804 kB
Progress (1): 808 kB
Progress (1): 812 kB
Progress (1): 816 kB
Progress (1): 820 kB
Progress (1): 824 kB
Progress (1): 828 kB
Progress (1): 832 kB
Progress (1): 836 kB
Progress (1): 840 kB
Progress (1): 844 kB
Progress (1): 849 kB
Progress (1): 853 kB
Progress (1): 857 kB
Progress (1): 861 kB
Progress (1): 865 kB
Progress (1): 869 kB
Progress (1): 873 kB
Progress (1): 877 kB
Progress (1): 881 kB
Progress (1): 885 kB
Progress (1): 890 kB
Progress (1): 894 kB
Progress (1): 898 kB
Progress (1): 902 kB
Progress (1): 906 kB
Progress (1): 910 kB
Progress (1): 914 kB
Progress (1): 918 kB
Progress (1): 922 kB
Progress (1): 926 kB
Progress (1): 930 kB
Progress (1): 935 kB
Progress (1): 939 kB
Progress (1): 943 kB
Progress (1): 947 kB
Progress (1): 951 kB
Progress (1): 955 kB
Progress (1): 959 kB
Progress (1): 963 kB
Progress (1): 967 kB
Progress (1): 971 kB
Progress (1): 976 kB
Progress (1): 980 kB
Progress (1): 984 kB
Progress (1): 988 kB
Progress (1): 992 kB
Progress (1): 996 kB
Progress (1): 1.0 MB
Progress (1): 1.0 MB
Progress (1): 1.0 MB
Progress (1): 1.0 MB
Progress (1): 1.0 MB
Progress (1): 1.0 MB
Progress (1): 1.0 MB
Progress (1): 1.0 MB
Progress (1): 1.0 MB
Progress (1): 1.0 MB
Progress (1): 1.0 MB
Progress (1): 1.0 MB
Progress (1): 1.0 MB
Progress (1): 1.1 MB
Progress (1): 1.1 MB
Progress (1): 1.1 MB
Progress (1): 1.1 MB
Progress (1): 1.1 MB
Progress (1): 1.1 MB
Progress (1): 1.1 MB
Progress (1): 1.1 MB
Progress (1): 1.1 MB
Progress (1): 1.1 MB
Progress (1): 1.1 MB
Progress (1): 1.1 MB
Progress (1): 1.1 MB
Progress (1): 1.1 MB
Progress (1): 1.1 MB
Progress (1): 1.1 MB
Progress (1): 1.1 MB
Progress (1): 1.1 MB
Progress (1): 1.1 MB
Progress (1): 1.1 MB
Progress (1): 1.1 MB
Progress (1): 1.1 MB
Progress (1): 1.1 MB
Progress (1): 1.1 MB
Progress (1): 1.2 MB
Progress (1): 1.2 MB
Progress (1): 1.2 MB
Progress (1): 1.2 MB
Progress (1): 1.2 MB
Progress (1): 1.2 MB
Progress (1): 1.2 MB
Progress (1): 1.2 MB
Progress (1): 1.2 MB
Progress (1): 1.2 MB
Progress (1): 1.2 MB
Progress (1): 1.2 MB
Progress (1): 1.2 MB
Progress (1): 1.2 MB
Progress (1): 1.2 MB
Progress (1): 1.2 MB
Progress (1): 1.2 MB
Progress (1): 1.2 MB
Progress (1): 1.2 MB
Progress (1): 1.2 MB
Progress (1): 1.2 MB
Progress (1): 1.2 MB
Progress (1): 1.2 MB
Progress (1): 1.2 MB
Progress (1): 1.2 MB
Progress (1): 1.3 MB
Progress (1): 1.3 MB
Progress (1): 1.3 MB
Progress (1): 1.3 MB
Progress (1): 1.3 MB
Progress (1): 1.3 MB
Progress (1): 1.3 MB
Progress (1): 1.3 MB
Progress (1): 1.3 MB
Progress (1): 1.3 MB
Progress (1): 1.3 MB
Progress (1): 1.3 MB
Progress (1): 1.3 MB
Progress (1): 1.3 MB
Progress (1): 1.3 MB
Progress (1): 1.3 MB
Progress (1): 1.3 MB
Progress (1): 1.3 MB
Progress (1): 1.3 MB
Progress (1): 1.3 MB
Progress (1): 1.3 MB
Progress (1): 1.3 MB
Progress (1): 1.3 MB
Progress (1): 1.3 MB
Progress (1): 1.4 MB
Progress (1): 1.4 MB
Progress (1): 1.4 MB
Progress (1): 1.4 MB
Progress (1): 1.4 MB
Progress (1): 1.4 MB
Progress (1): 1.4 MB
Progress (1): 1.4 MB
Progress (1): 1.4 MB
Progress (1): 1.4 MB
Progress (1): 1.4 MB
Progress (1): 1.4 MB
Progress (1): 1.4 MB
Progress (1): 1.4 MB
Progress (1): 1.4 MB
Progress (1): 1.4 MB
Progress (1): 1.4 MB
Progress (1): 1.4 MB
Progress (1): 1.4 MB
Progress (1): 1.4 MB
Progress (1): 1.4 MB
Progress (1): 1.4 MB
Progress (1): 1.4 MB
Progress (1): 1.4 MB
Progress (1): 1.4 MB
Progress (1): 1.5 MB
Progress (1): 1.5 MB
Progress (1): 1.5 MB
Progress (1): 1.5 MB
Progress (1): 1.5 MB
Progress (1): 1.5 MB
Progress (1): 1.5 MB
Progress (1): 1.5 MB
Progress (1): 1.5 MB
Progress (1): 1.5 MB
Progress (1): 1.5 MB
Progress (1): 1.5 MB
Progress (1): 1.5 MB
Progress (1): 1.5 MB
Progress (1): 1.5 MB
Progress (1): 1.5 MB
Progress (1): 1.5 MB
Progress (1): 1.5 MB
Progress (1): 1.5 MB
Progress (1): 1.5 MB
Progress (1): 1.5 MB
Progress (1): 1.5 MB
Progress (1): 1.5 MB
Progress (1): 1.5 MB
Progress (1): 1.5 MB
Progress (1): 1.6 MB
Progress (1): 1.6 MB
Progress (1): 1.6 MB
Progress (1): 1.6 MB
Progress (1): 1.6 MB
Progress (1): 1.6 MB
Progress (1): 1.6 MB
Progress (1): 1.6 MB
Progress (1): 1.6 MB
Progress (1): 1.6 MB
Progress (1): 1.6 MB
Progress (1): 1.6 MB
Progress (1): 1.6 MB
Progress (1): 1.6 MB
Progress (1): 1.6 MB
Progress (1): 1.6 MB
Progress (1): 1.6 MB
Progress (1): 1.6 MB
Progress (1): 1.6 MB
Progress (1): 1.6 MB
Progress (1): 1.6 MB
Progress (1): 1.6 MB
Progress (1): 1.6 MB
Progress (1): 1.6 MB
Progress (1): 1.6 MB
Progress (1): 1.7 MB
Progress (1): 1.7 MB
Progress (1): 1.7 MB
Progress (1): 1.7 MB
Progress (1): 1.7 MB
Progress (1): 1.7 MB
Progress (1): 1.7 MB
Progress (1): 1.7 MB
Progress (1): 1.7 MB
Progress (1): 1.7 MB
Progress (1): 1.7 MB
Progress (1): 1.7 MB
Progress (1): 1.7 MB
Progress (1): 1.7 MB
Progress (1): 1.7 MB
Progress (1): 1.7 MB
Progress (1): 1.7 MB
Progress (1): 1.7 MB
Progress (1): 1.7 MB
Progress (1): 1.7 MB
Progress (1): 1.7 MB
Progress (1): 1.7 MB
Progress (1): 1.7 MB
Progress (1): 1.7 MB
                    
Downloaded from aiban-tianyin-core: https://aiban-maven.pkg.coding.net/repository/tianyin/core/org/apache/logging/log4j/log4j-core/2.14.1/log4j-core-2.14.1.jar (1.7 MB at 1.1 MB/s)
[[1;34mINFO[m] 
[[1;34mINFO[m] [1m--- [0;32mmaven-clean-plugin:3.1.0:clean[m [1m(default-clean)[m @ [36mdisruptor-spring-boot-starter[0;1m ---[m
[[1;34mINFO[m] 
[[1;34mINFO[m] [1m--- [0;32mmaven-enforcer-plugin:3.0.0:enforce[m [1m(default-cli)[m @ [36mdisruptor-spring-boot-starter[0;1m ---[m
[[1;34mINFO[m] 
[[1;34mINFO[m] [1m--- [0;32mmaven-resources-plugin:3.1.0:resources[m [1m(default-resources)[m @ [36mdisruptor-spring-boot-starter[0;1m ---[m
[[1;34mINFO[m] Using 'UTF-8' encoding to copy filtered resources.
[[1;34mINFO[m] Copying 0 resource
[[1;34mINFO[m] Copying 2 resources
[[1;34mINFO[m] 
[[1;34mINFO[m] [1m--- [0;32mmaven-compiler-plugin:3.8.1:compile[m [1m(default-compile)[m @ [36mdisruptor-spring-boot-starter[0;1m ---[m
[[1;34mINFO[m] Changes detected - recompiling the module!
[[1;34mINFO[m] Compiling 48 source files to /Users/wandl/workspaces/workspace-ddd4j/workspace-ddd4j-boot-starters/disruptor-spring-boot-starter/target/classes
[[1;34mINFO[m] /Users/wandl/workspaces/workspace-ddd4j/workspace-ddd4j-boot-starters/disruptor-spring-boot-starter/src/main/java/com/lmax/disruptor/spring/boot/util/StringUtils.java: /Users/wandl/workspaces/workspace-ddd4j/workspace-ddd4j-boot-starters/disruptor-spring-boot-starter/src/main/java/com/lmax/disruptor/spring/boot/util/StringUtils.javaõ¢┐þö¿µêûÞªåþøûõ║åÕÀ▓Þ┐çµùÂþÜä APIÒÇé
[[1;34mINFO[m] /Users/wandl/workspaces/workspace-ddd4j/workspace-ddd4j-boot-starters/disruptor-spring-boot-starter/src/main/java/com/lmax/disruptor/spring/boot/util/StringUtils.java: µ£ëÕà│Þ»ªþ╗åõ┐íµü», Þ»Àõ¢┐þö¿ -Xlint:deprecation Úçìµû░þ╝ûÞ»æÒÇé
[[1;34mINFO[m] /Users/wandl/workspaces/workspace-ddd4j/workspace-ddd4j-boot-starters/disruptor-spring-boot-starter/src/main/java/com/lmax/disruptor/spring/boot/context/DisruptorEventAwareProcessor.java: /Users/wandl/workspaces/workspace-ddd4j/workspace-ddd4j-boot-starters/disruptor-spring-boot-starter/src/main/java/com/lmax/disruptor/spring/boot/context/DisruptorEventAwareProcessor.java õ¢┐þö¿µêûÞªåþøûõ║åµáçÞ«░õ©║Õ¥àÕêáÚÖñþÜäÕÀ▓Þ┐çµùÂ APIÒÇé
[[1;34mINFO[m] /Users/wandl/workspaces/workspace-ddd4j/workspace-ddd4j-boot-starters/disruptor-spring-boot-starter/src/main/java/com/lmax/disruptor/spring/boot/context/DisruptorEventAwareProcessor.java: µ£ëÕà│Þ»ªþ╗åõ┐íµü», Þ»Àõ¢┐þö¿ -Xlint:removal Úçìµû░þ╝ûÞ»æÒÇé
[[1;34mINFO[m] 
[[1;34mINFO[m] [1m--- [0;32mmaven-resources-plugin:3.1.0:testResources[m [1m(default-testResources)[m @ [36mdisruptor-spring-boot-starter[0;1m ---[m
[[1;34mINFO[m] Not copying test resources
[[1;34mINFO[m] 
[[1;34mINFO[m] [1m--- [0;32mmaven-compiler-plugin:3.8.1:testCompile[m [1m(default-testCompile)[m @ [36mdisruptor-spring-boot-starter[0;1m ---[m
[[1;34mINFO[m] Not compiling test sources
[[1;34mINFO[m] 
[[1;34mINFO[m] [1m--- [0;32mmaven-surefire-plugin:2.22.1:test[m [1m(default-test)[m @ [36mdisruptor-spring-boot-starter[0;1m ---[m
[[1;34mINFO[m] Tests are skipped.
[[1;34mINFO[m] 
[[1;34mINFO[m] [1m--- [0;32mmaven-jar-plugin:3.1.1:jar[m [1m(default-jar)[m @ [36mdisruptor-spring-boot-starter[0;1m ---[m
[[1;34mINFO[m] Building jar: /Users/wandl/workspaces/workspace-ddd4j/workspace-ddd4j-boot-starters/disruptor-spring-boot-starter/target/disruptor-spring-boot-starter-2.0.1-SNAPSHOT.jar
[[1;34mINFO[m] 
[[1;34mINFO[m] [1m--- [0;32mmaven-source-plugin:3.2.1:jar-no-fork[m [1m(attach-sources)[m @ [36mdisruptor-spring-boot-starter[0;1m ---[m
[[1;34mINFO[m] Building jar: /Users/wandl/workspaces/workspace-ddd4j/workspace-ddd4j-boot-starters/disruptor-spring-boot-starter/target/disruptor-spring-boot-starter-2.0.1-SNAPSHOT-sources.jar
[[1;34mINFO[m] 
[[1;34mINFO[m] [1m--- [0;32mmaven-install-plugin:2.5.2:install[m [1m(default-install)[m @ [36mdisruptor-spring-boot-starter[0;1m ---[m
[[1;34mINFO[m] Installing /Users/wandl/workspaces/workspace-ddd4j/workspace-ddd4j-boot-starters/disruptor-spring-boot-starter/target/disruptor-spring-boot-starter-2.0.1-SNAPSHOT.jar to /Users/wandl/.m2/repository/com/github/hiwepy/disruptor-spring-boot-starter/2.0.1-SNAPSHOT/disruptor-spring-boot-starter-2.0.1-SNAPSHOT.jar
[[1;34mINFO[m] Installing /Users/wandl/workspaces/workspace-ddd4j/workspace-ddd4j-boot-starters/disruptor-spring-boot-starter/pom.xml to /Users/wandl/.m2/repository/com/github/hiwepy/disruptor-spring-boot-starter/2.0.1-SNAPSHOT/disruptor-spring-boot-starter-2.0.1-SNAPSHOT.pom
[[1;34mINFO[m] Installing /Users/wandl/workspaces/workspace-ddd4j/workspace-ddd4j-boot-starters/disruptor-spring-boot-starter/target/disruptor-spring-boot-starter-2.0.1-SNAPSHOT-sources.jar to /Users/wandl/.m2/repository/com/github/hiwepy/disruptor-spring-boot-starter/2.0.1-SNAPSHOT/disruptor-spring-boot-starter-2.0.1-SNAPSHOT-sources.jar
[[1;34mINFO[m] 
[[1;34mINFO[m] [1m--- [0;32mmaven-deploy-plugin:2.8.2:deploy[m [1m(default-deploy)[m @ [36mdisruptor-spring-boot-starter[0;1m ---[m
[[1;34mINFO[m] Using alternate deployment repository maven-snapshots::default::https://packages.aliyun.com/5fdc0afd99b59ba3c5ead757/maven/maven-snapshots
Downloading from maven-snapshots: https://packages.aliyun.com/5fdc0afd99b59ba3c5ead757/maven/maven-snapshots/com/github/hiwepy/disruptor-spring-boot-starter/2.0.1-SNAPSHOT/maven-metadata.xml
Uploading to maven-snapshots: https://packages.aliyun.com/5fdc0afd99b59ba3c5ead757/maven/maven-snapshots/com/github/hiwepy/disruptor-spring-boot-starter/2.0.1-SNAPSHOT/disruptor-spring-boot-starter-2.0.1-20260316.055618-1.jar
Progress (1): 4.1/82 kB
Progress (1): 8.2/82 kB
Progress (1): 12/82 kB 
Progress (1): 16/82 kB
Progress (1): 20/82 kB
Progress (1): 25/82 kB
Progress (1): 29/82 kB
Progress (1): 33/82 kB
Progress (1): 37/82 kB
Progress (1): 41/82 kB
Progress (1): 45/82 kB
Progress (1): 49/82 kB
Progress (1): 53/82 kB
Progress (1): 57/82 kB
Progress (1): 61/82 kB
Progress (1): 66/82 kB
Progress (1): 70/82 kB
Progress (1): 74/82 kB
Progress (1): 78/82 kB
Progress (1): 82/82 kB
Progress (1): 82 kB   
                   
Uploaded to maven-snapshots: https://packages.aliyun.com/5fdc0afd99b59ba3c5ead757/maven/maven-snapshots/com/github/hiwepy/disruptor-spring-boot-starter/2.0.1-SNAPSHOT/disruptor-spring-boot-starter-2.0.1-20260316.055618-1.jar (82 kB at 61 kB/s)
Uploading to maven-snapshots: https://packages.aliyun.com/5fdc0afd99b59ba3c5ead757/maven/maven-snapshots/com/github/hiwepy/disruptor-spring-boot-starter/2.0.1-SNAPSHOT/disruptor-spring-boot-starter-2.0.1-20260316.055618-1.pom
Progress (1): 4.1/17 kB
Progress (1): 8.2/17 kB
Progress (1): 12/17 kB 
Progress (1): 16/17 kB
Progress (1): 17 kB   
                   
Uploaded to maven-snapshots: https://packages.aliyun.com/5fdc0afd99b59ba3c5ead757/maven/maven-snapshots/com/github/hiwepy/disruptor-spring-boot-starter/2.0.1-SNAPSHOT/disruptor-spring-boot-starter-2.0.1-20260316.055618-1.pom (17 kB at 16 kB/s)
Downloading from maven-snapshots: https://packages.aliyun.com/5fdc0afd99b59ba3c5ead757/maven/maven-snapshots/com/github/hiwepy/disruptor-spring-boot-starter/maven-metadata.xml
Uploading to maven-snapshots: https://packages.aliyun.com/5fdc0afd99b59ba3c5ead757/maven/maven-snapshots/com/github/hiwepy/disruptor-spring-boot-starter/2.0.1-SNAPSHOT/maven-metadata.xml
Progress (1): 796 B
                   
Uploaded to maven-snapshots: https://packages.aliyun.com/5fdc0afd99b59ba3c5ead757/maven/maven-snapshots/com/github/hiwepy/disruptor-spring-boot-starter/2.0.1-SNAPSHOT/maven-metadata.xml (796 B at 724 B/s)
Uploading to maven-snapshots: https://packages.aliyun.com/5fdc0afd99b59ba3c5ead757/maven/maven-snapshots/com/github/hiwepy/disruptor-spring-boot-starter/maven-metadata.xml
Progress (1): 306 B
                   
Uploaded to maven-snapshots: https://packages.aliyun.com/5fdc0afd99b59ba3c5ead757/maven/maven-snapshots/com/github/hiwepy/disruptor-spring-boot-starter/maven-metadata.xml (306 B at 300 B/s)
Uploading to maven-snapshots: https://packages.aliyun.com/5fdc0afd99b59ba3c5ead757/maven/maven-snapshots/com/github/hiwepy/disruptor-spring-boot-starter/2.0.1-SNAPSHOT/disruptor-spring-boot-starter-2.0.1-20260316.055618-1-sources.jar
Progress (1): 4.1/66 kB
Progress (1): 8.2/66 kB
Progress (1): 12/66 kB 
Progress (1): 16/66 kB
Progress (1): 20/66 kB
Progress (1): 25/66 kB
Progress (1): 29/66 kB
Progress (1): 33/66 kB
Progress (1): 37/66 kB
Progress (1): 41/66 kB
Progress (1): 45/66 kB
Progress (1): 49/66 kB
Progress (1): 53/66 kB
Progress (1): 57/66 kB
Progress (1): 61/66 kB
Progress (1): 66 kB   
                   
Uploaded to maven-snapshots: https://packages.aliyun.com/5fdc0afd99b59ba3c5ead757/maven/maven-snapshots/com/github/hiwepy/disruptor-spring-boot-starter/2.0.1-SNAPSHOT/disruptor-spring-boot-starter-2.0.1-20260316.055618-1-sources.jar (66 kB at 60 kB/s)
Uploading to maven-snapshots: https://packages.aliyun.com/5fdc0afd99b59ba3c5ead757/maven/maven-snapshots/com/github/hiwepy/disruptor-spring-boot-starter/2.0.1-SNAPSHOT/maven-metadata.xml
Progress (1): 1.0 kB
                    
Uploaded to maven-snapshots: https://packages.aliyun.com/5fdc0afd99b59ba3c5ead757/maven/maven-snapshots/com/github/hiwepy/disruptor-spring-boot-starter/2.0.1-SNAPSHOT/maven-metadata.xml (1.0 kB at 1.0 kB/s)
[[1;34mINFO[m] [1m------------------------------------------------------------------------[m
[[1;34mINFO[m] [1;32mBUILD SUCCESS[m
[[1;34mINFO[m] [1m------------------------------------------------------------------------[m
[[1;34mINFO[m] Total time:  12.439 s
[[1;34mINFO[m] Finished at: 2026-03-16T13:56:25+08:00
[[1;34mINFO[m] [1m------------------------------------------------------------------------[m
[disruptor-spring-boot-starter/master] µêÉÕèƒ
